                                      1 ;--------------------------------------------------------
                                      2 ; File Created by SDCC : free open source ANSI-C Compiler
                                      3 ; Version 3.8.0 #10562 (Linux)
                                      4 ;--------------------------------------------------------
                                      5 	.module stm8s_adc1_SchmittTriggerConfig
                                      6 	.optsdcc -mstm8
                                      7 	
                                      8 ;--------------------------------------------------------
                                      9 ; Public variables in this module
                                     10 ;--------------------------------------------------------
                                     11 	.globl _ADC1_SchmittTriggerConfig
                                     12 ;--------------------------------------------------------
                                     13 ; ram data
                                     14 ;--------------------------------------------------------
                                     15 	.area DATA
                                     16 ;--------------------------------------------------------
                                     17 ; ram data
                                     18 ;--------------------------------------------------------
                                     19 	.area INITIALIZED
                                     20 ;--------------------------------------------------------
                                     21 ; absolute external ram data
                                     22 ;--------------------------------------------------------
                                     23 	.area DABS (ABS)
                                     24 
                                     25 ; default segment ordering for linker
                                     26 	.area HOME
                                     27 	.area GSINIT
                                     28 	.area GSFINAL
                                     29 	.area CONST
                                     30 	.area INITIALIZER
                                     31 	.area CODE
                                     32 
                                     33 ;--------------------------------------------------------
                                     34 ; global & static initialisations
                                     35 ;--------------------------------------------------------
                                     36 	.area HOME
                                     37 	.area GSINIT
                                     38 	.area GSFINAL
                                     39 	.area GSINIT
                                     40 ;--------------------------------------------------------
                                     41 ; Home
                                     42 ;--------------------------------------------------------
                                     43 	.area HOME
                                     44 	.area HOME
                                     45 ;--------------------------------------------------------
                                     46 ; code
                                     47 ;--------------------------------------------------------
                                     48 	.area CODE
                                     49 ;	/home/egis/ventmatika/Egidijus/stm8s003/src/STM8S-SDCC-SPL/src/stm8s_adc1_SchmittTriggerConfig.c: 49: void ADC1_SchmittTriggerConfig(ADC1_SchmittTrigg_TypeDef ADC1_SchmittTriggerChannel, FunctionalState NewState)
                                     50 ;	-----------------------------------------
                                     51 ;	 function ADC1_SchmittTriggerConfig
                                     52 ;	-----------------------------------------
      000000                         53 _ADC1_SchmittTriggerConfig:
      000000 52 02            [ 2]   54 	sub	sp, #2
                                     55 ;	/home/egis/ventmatika/Egidijus/stm8s003/src/STM8S-SDCC-SPL/src/stm8s_adc1_SchmittTriggerConfig.c: 55: if (ADC1_SchmittTriggerChannel == ADC1_SCHMITTTRIG_ALL)
      000002 7B 05            [ 1]   56 	ld	a, (0x05, sp)
      000004 4C               [ 1]   57 	inc	a
      000005 26 21            [ 1]   58 	jrne	00114$
                                     59 ;	/home/egis/ventmatika/Egidijus/stm8s003/src/STM8S-SDCC-SPL/src/stm8s_adc1_SchmittTriggerConfig.c: 59: ADC1->TDRL &= (uint8_t)0x0;
      000007 C6 54 07         [ 1]   60 	ld	a, 0x5407
                                     61 ;	/home/egis/ventmatika/Egidijus/stm8s003/src/STM8S-SDCC-SPL/src/stm8s_adc1_SchmittTriggerConfig.c: 57: if (NewState != DISABLE)
      00000A 0D 06            [ 1]   62 	tnz	(0x06, sp)
      00000C 27 0D            [ 1]   63 	jreq	00102$
                                     64 ;	/home/egis/ventmatika/Egidijus/stm8s003/src/STM8S-SDCC-SPL/src/stm8s_adc1_SchmittTriggerConfig.c: 59: ADC1->TDRL &= (uint8_t)0x0;
      00000E 35 00 54 07      [ 1]   65 	mov	0x5407+0, #0x00
                                     66 ;	/home/egis/ventmatika/Egidijus/stm8s003/src/STM8S-SDCC-SPL/src/stm8s_adc1_SchmittTriggerConfig.c: 60: ADC1->TDRH &= (uint8_t)0x0;
      000012 C6 54 06         [ 1]   67 	ld	a, 0x5406
      000015 35 00 54 06      [ 1]   68 	mov	0x5406+0, #0x00
      000019 20 60            [ 2]   69 	jra	00116$
      00001B                         70 00102$:
                                     71 ;	/home/egis/ventmatika/Egidijus/stm8s003/src/STM8S-SDCC-SPL/src/stm8s_adc1_SchmittTriggerConfig.c: 64: ADC1->TDRL |= (uint8_t)0xFF;
      00001B 35 FF 54 07      [ 1]   72 	mov	0x5407+0, #0xff
                                     73 ;	/home/egis/ventmatika/Egidijus/stm8s003/src/STM8S-SDCC-SPL/src/stm8s_adc1_SchmittTriggerConfig.c: 65: ADC1->TDRH |= (uint8_t)0xFF;
      00001F C6 54 06         [ 1]   74 	ld	a, 0x5406
      000022 35 FF 54 06      [ 1]   75 	mov	0x5406+0, #0xff
      000026 20 53            [ 2]   76 	jra	00116$
      000028                         77 00114$:
                                     78 ;	/home/egis/ventmatika/Egidijus/stm8s003/src/STM8S-SDCC-SPL/src/stm8s_adc1_SchmittTriggerConfig.c: 68: else if (ADC1_SchmittTriggerChannel < ADC1_SCHMITTTRIG_CHANNEL8)
      000028 7B 05            [ 1]   79 	ld	a, (0x05, sp)
      00002A A1 08            [ 1]   80 	cp	a, #0x08
      00002C 24 25            [ 1]   81 	jrnc	00111$
                                     82 ;	/home/egis/ventmatika/Egidijus/stm8s003/src/STM8S-SDCC-SPL/src/stm8s_adc1_SchmittTriggerConfig.c: 59: ADC1->TDRL &= (uint8_t)0x0;
      00002E C6 54 07         [ 1]   83 	ld	a, 0x5407
      000031 6B 01            [ 1]   84 	ld	(0x01, sp), a
                                     85 ;	/home/egis/ventmatika/Egidijus/stm8s003/src/STM8S-SDCC-SPL/src/stm8s_adc1_SchmittTriggerConfig.c: 72: ADC1->TDRL &= (uint8_t)(~(uint8_t)((uint8_t)0x01 << (uint8_t)ADC1_SchmittTriggerChannel));
      000033 A6 01            [ 1]   86 	ld	a, #0x01
      000035 88               [ 1]   87 	push	a
      000036 7B 06            [ 1]   88 	ld	a, (0x06, sp)
      000038 27 05            [ 1]   89 	jreq	00149$
      00003A                         90 00148$:
      00003A 08 01            [ 1]   91 	sll	(1, sp)
      00003C 4A               [ 1]   92 	dec	a
      00003D 26 FB            [ 1]   93 	jrne	00148$
      00003F                         94 00149$:
      00003F 84               [ 1]   95 	pop	a
                                     96 ;	/home/egis/ventmatika/Egidijus/stm8s003/src/STM8S-SDCC-SPL/src/stm8s_adc1_SchmittTriggerConfig.c: 70: if (NewState != DISABLE)
      000040 0D 06            [ 1]   97 	tnz	(0x06, sp)
      000042 27 08            [ 1]   98 	jreq	00105$
                                     99 ;	/home/egis/ventmatika/Egidijus/stm8s003/src/STM8S-SDCC-SPL/src/stm8s_adc1_SchmittTriggerConfig.c: 72: ADC1->TDRL &= (uint8_t)(~(uint8_t)((uint8_t)0x01 << (uint8_t)ADC1_SchmittTriggerChannel));
      000044 43               [ 1]  100 	cpl	a
      000045 14 01            [ 1]  101 	and	a, (0x01, sp)
      000047 C7 54 07         [ 1]  102 	ld	0x5407, a
      00004A 20 2F            [ 2]  103 	jra	00116$
      00004C                        104 00105$:
                                    105 ;	/home/egis/ventmatika/Egidijus/stm8s003/src/STM8S-SDCC-SPL/src/stm8s_adc1_SchmittTriggerConfig.c: 76: ADC1->TDRL |= (uint8_t)((uint8_t)0x01 << (uint8_t)ADC1_SchmittTriggerChannel);
      00004C 1A 01            [ 1]  106 	or	a, (0x01, sp)
      00004E C7 54 07         [ 1]  107 	ld	0x5407, a
      000051 20 28            [ 2]  108 	jra	00116$
      000053                        109 00111$:
                                    110 ;	/home/egis/ventmatika/Egidijus/stm8s003/src/STM8S-SDCC-SPL/src/stm8s_adc1_SchmittTriggerConfig.c: 60: ADC1->TDRH &= (uint8_t)0x0;
      000053 C6 54 06         [ 1]  111 	ld	a, 0x5406
      000056 6B 02            [ 1]  112 	ld	(0x02, sp), a
                                    113 ;	/home/egis/ventmatika/Egidijus/stm8s003/src/STM8S-SDCC-SPL/src/stm8s_adc1_SchmittTriggerConfig.c: 83: ADC1->TDRH &= (uint8_t)(~(uint8_t)((uint8_t)0x01 << ((uint8_t)ADC1_SchmittTriggerChannel - (uint8_t)8)));
      000058 7B 05            [ 1]  114 	ld	a, (0x05, sp)
      00005A A0 08            [ 1]  115 	sub	a, #0x08
      00005C 97               [ 1]  116 	ld	xl, a
      00005D A6 01            [ 1]  117 	ld	a, #0x01
      00005F 88               [ 1]  118 	push	a
      000060 9F               [ 1]  119 	ld	a, xl
      000061 4D               [ 1]  120 	tnz	a
      000062 27 05            [ 1]  121 	jreq	00152$
      000064                        122 00151$:
      000064 08 01            [ 1]  123 	sll	(1, sp)
      000066 4A               [ 1]  124 	dec	a
      000067 26 FB            [ 1]  125 	jrne	00151$
      000069                        126 00152$:
      000069 84               [ 1]  127 	pop	a
                                    128 ;	/home/egis/ventmatika/Egidijus/stm8s003/src/STM8S-SDCC-SPL/src/stm8s_adc1_SchmittTriggerConfig.c: 81: if (NewState != DISABLE)
      00006A 0D 06            [ 1]  129 	tnz	(0x06, sp)
      00006C 27 08            [ 1]  130 	jreq	00108$
                                    131 ;	/home/egis/ventmatika/Egidijus/stm8s003/src/STM8S-SDCC-SPL/src/stm8s_adc1_SchmittTriggerConfig.c: 83: ADC1->TDRH &= (uint8_t)(~(uint8_t)((uint8_t)0x01 << ((uint8_t)ADC1_SchmittTriggerChannel - (uint8_t)8)));
      00006E 43               [ 1]  132 	cpl	a
      00006F 14 02            [ 1]  133 	and	a, (0x02, sp)
      000071 C7 54 06         [ 1]  134 	ld	0x5406, a
      000074 20 05            [ 2]  135 	jra	00116$
      000076                        136 00108$:
                                    137 ;	/home/egis/ventmatika/Egidijus/stm8s003/src/STM8S-SDCC-SPL/src/stm8s_adc1_SchmittTriggerConfig.c: 87: ADC1->TDRH |= (uint8_t)((uint8_t)0x01 << ((uint8_t)ADC1_SchmittTriggerChannel - (uint8_t)8));
      000076 1A 02            [ 1]  138 	or	a, (0x02, sp)
      000078 C7 54 06         [ 1]  139 	ld	0x5406, a
      00007B                        140 00116$:
                                    141 ;	/home/egis/ventmatika/Egidijus/stm8s003/src/STM8S-SDCC-SPL/src/stm8s_adc1_SchmittTriggerConfig.c: 90: }
      00007B 5B 02            [ 2]  142 	addw	sp, #2
      00007D 81               [ 4]  143 	ret
                                    144 	.area CODE
                                    145 	.area CONST
                                    146 	.area INITIALIZER
                                    147 	.area CABS (ABS)
