                                      1 ;--------------------------------------------------------
                                      2 ; File Created by SDCC : free open source ANSI-C Compiler
                                      3 ; Version 3.8.0 #10562 (Linux)
                                      4 ;--------------------------------------------------------
                                      5 	.module stm8s_adc1_PrescalerConfig
                                      6 	.optsdcc -mstm8
                                      7 	
                                      8 ;--------------------------------------------------------
                                      9 ; Public variables in this module
                                     10 ;--------------------------------------------------------
                                     11 	.globl _ADC1_PrescalerConfig
                                     12 ;--------------------------------------------------------
                                     13 ; ram data
                                     14 ;--------------------------------------------------------
                                     15 	.area DATA
                                     16 ;--------------------------------------------------------
                                     17 ; ram data
                                     18 ;--------------------------------------------------------
                                     19 	.area INITIALIZED
                                     20 ;--------------------------------------------------------
                                     21 ; absolute external ram data
                                     22 ;--------------------------------------------------------
                                     23 	.area DABS (ABS)
                                     24 
                                     25 ; default segment ordering for linker
                                     26 	.area HOME
                                     27 	.area GSINIT
                                     28 	.area GSFINAL
                                     29 	.area CONST
                                     30 	.area INITIALIZER
                                     31 	.area CODE
                                     32 
                                     33 ;--------------------------------------------------------
                                     34 ; global & static initialisations
                                     35 ;--------------------------------------------------------
                                     36 	.area HOME
                                     37 	.area GSINIT
                                     38 	.area GSFINAL
                                     39 	.area GSINIT
                                     40 ;--------------------------------------------------------
                                     41 ; Home
                                     42 ;--------------------------------------------------------
                                     43 	.area HOME
                                     44 	.area HOME
                                     45 ;--------------------------------------------------------
                                     46 ; code
                                     47 ;--------------------------------------------------------
                                     48 	.area CODE
                                     49 ;	/home/egis/ventmatika/Egidijus/stm8s003/src/STM8S-SDCC-SPL/src/stm8s_adc1_PrescalerConfig.c: 47: void ADC1_PrescalerConfig(ADC1_PresSel_TypeDef ADC1_Prescaler)
                                     50 ;	-----------------------------------------
                                     51 ;	 function ADC1_PrescalerConfig
                                     52 ;	-----------------------------------------
      000000                         53 _ADC1_PrescalerConfig:
                                     54 ;	/home/egis/ventmatika/Egidijus/stm8s003/src/STM8S-SDCC-SPL/src/stm8s_adc1_PrescalerConfig.c: 53: ADC1->CR1 &= (uint8_t)(~ADC1_CR1_SPSEL);
      000000 C6 54 01         [ 1]   55 	ld	a, 0x5401
      000003 A4 8F            [ 1]   56 	and	a, #0x8f
      000005 C7 54 01         [ 1]   57 	ld	0x5401, a
                                     58 ;	/home/egis/ventmatika/Egidijus/stm8s003/src/STM8S-SDCC-SPL/src/stm8s_adc1_PrescalerConfig.c: 55: ADC1->CR1 |= (uint8_t)(ADC1_Prescaler);
      000008 C6 54 01         [ 1]   59 	ld	a, 0x5401
      00000B 1A 03            [ 1]   60 	or	a, (0x03, sp)
      00000D C7 54 01         [ 1]   61 	ld	0x5401, a
                                     62 ;	/home/egis/ventmatika/Egidijus/stm8s003/src/STM8S-SDCC-SPL/src/stm8s_adc1_PrescalerConfig.c: 56: }
      000010 81               [ 4]   63 	ret
                                     64 	.area CODE
                                     65 	.area CONST
                                     66 	.area INITIALIZER
                                     67 	.area CABS (ABS)
