                                      1 ;--------------------------------------------------------
                                      2 ; File Created by SDCC : free open source ANSI-C Compiler
                                      3 ; Version 3.8.0 #10562 (Linux)
                                      4 ;--------------------------------------------------------
                                      5 	.module stm8s_adc1_ExternalTriggerConfig
                                      6 	.optsdcc -mstm8
                                      7 	
                                      8 ;--------------------------------------------------------
                                      9 ; Public variables in this module
                                     10 ;--------------------------------------------------------
                                     11 	.globl _ADC1_ExternalTriggerConfig
                                     12 ;--------------------------------------------------------
                                     13 ; ram data
                                     14 ;--------------------------------------------------------
                                     15 	.area DATA
                                     16 ;--------------------------------------------------------
                                     17 ; ram data
                                     18 ;--------------------------------------------------------
                                     19 	.area INITIALIZED
                                     20 ;--------------------------------------------------------
                                     21 ; absolute external ram data
                                     22 ;--------------------------------------------------------
                                     23 	.area DABS (ABS)
                                     24 
                                     25 ; default segment ordering for linker
                                     26 	.area HOME
                                     27 	.area GSINIT
                                     28 	.area GSFINAL
                                     29 	.area CONST
                                     30 	.area INITIALIZER
                                     31 	.area CODE
                                     32 
                                     33 ;--------------------------------------------------------
                                     34 ; global & static initialisations
                                     35 ;--------------------------------------------------------
                                     36 	.area HOME
                                     37 	.area GSINIT
                                     38 	.area GSFINAL
                                     39 	.area GSINIT
                                     40 ;--------------------------------------------------------
                                     41 ; Home
                                     42 ;--------------------------------------------------------
                                     43 	.area HOME
                                     44 	.area HOME
                                     45 ;--------------------------------------------------------
                                     46 ; code
                                     47 ;--------------------------------------------------------
                                     48 	.area CODE
                                     49 ;	/home/egis/ventmatika/Egidijus/stm8s003/src/STM8S-SDCC-SPL/src/stm8s_adc1_ExternalTriggerConfig.c: 51: void ADC1_ExternalTriggerConfig(ADC1_ExtTrig_TypeDef ADC1_ExtTrigger, FunctionalState NewState)
                                     50 ;	-----------------------------------------
                                     51 ;	 function ADC1_ExternalTriggerConfig
                                     52 ;	-----------------------------------------
      000000                         53 _ADC1_ExternalTriggerConfig:
                                     54 ;	/home/egis/ventmatika/Egidijus/stm8s003/src/STM8S-SDCC-SPL/src/stm8s_adc1_ExternalTriggerConfig.c: 58: ADC1->CR2 &= (uint8_t)(~ADC1_CR2_EXTSEL);
      000000 C6 54 02         [ 1]   55 	ld	a, 0x5402
      000003 A4 CF            [ 1]   56 	and	a, #0xcf
      000005 C7 54 02         [ 1]   57 	ld	0x5402, a
      000008 C6 54 02         [ 1]   58 	ld	a, 0x5402
                                     59 ;	/home/egis/ventmatika/Egidijus/stm8s003/src/STM8S-SDCC-SPL/src/stm8s_adc1_ExternalTriggerConfig.c: 60: if (NewState != DISABLE)
      00000B 0D 04            [ 1]   60 	tnz	(0x04, sp)
      00000D 27 07            [ 1]   61 	jreq	00102$
                                     62 ;	/home/egis/ventmatika/Egidijus/stm8s003/src/STM8S-SDCC-SPL/src/stm8s_adc1_ExternalTriggerConfig.c: 63: ADC1->CR2 |= (uint8_t)(ADC1_CR2_EXTTRIG);
      00000F AA 40            [ 1]   63 	or	a, #0x40
      000011 C7 54 02         [ 1]   64 	ld	0x5402, a
      000014 20 05            [ 2]   65 	jra	00103$
      000016                         66 00102$:
                                     67 ;	/home/egis/ventmatika/Egidijus/stm8s003/src/STM8S-SDCC-SPL/src/stm8s_adc1_ExternalTriggerConfig.c: 68: ADC1->CR2 &= (uint8_t)(~ADC1_CR2_EXTTRIG);
      000016 A4 BF            [ 1]   68 	and	a, #0xbf
      000018 C7 54 02         [ 1]   69 	ld	0x5402, a
      00001B                         70 00103$:
                                     71 ;	/home/egis/ventmatika/Egidijus/stm8s003/src/STM8S-SDCC-SPL/src/stm8s_adc1_ExternalTriggerConfig.c: 72: ADC1->CR2 |= (uint8_t)(ADC1_ExtTrigger);
      00001B C6 54 02         [ 1]   72 	ld	a, 0x5402
      00001E 1A 03            [ 1]   73 	or	a, (0x03, sp)
      000020 C7 54 02         [ 1]   74 	ld	0x5402, a
                                     75 ;	/home/egis/ventmatika/Egidijus/stm8s003/src/STM8S-SDCC-SPL/src/stm8s_adc1_ExternalTriggerConfig.c: 73: }
      000023 81               [ 4]   76 	ret
                                     77 	.area CODE
                                     78 	.area CONST
                                     79 	.area INITIALIZER
                                     80 	.area CABS (ABS)
