                                      1 ;--------------------------------------------------------
                                      2 ; File Created by SDCC : free open source ANSI-C Compiler
                                      3 ; Version 3.8.0 #10562 (Linux)
                                      4 ;--------------------------------------------------------
                                      5 	.module stm8s_gpio_WriteHigh
                                      6 	.optsdcc -mstm8
                                      7 	
                                      8 ;--------------------------------------------------------
                                      9 ; Public variables in this module
                                     10 ;--------------------------------------------------------
                                     11 	.globl _GPIO_WriteHigh
                                     12 ;--------------------------------------------------------
                                     13 ; ram data
                                     14 ;--------------------------------------------------------
                                     15 	.area DATA
                                     16 ;--------------------------------------------------------
                                     17 ; ram data
                                     18 ;--------------------------------------------------------
                                     19 	.area INITIALIZED
                                     20 ;--------------------------------------------------------
                                     21 ; absolute external ram data
                                     22 ;--------------------------------------------------------
                                     23 	.area DABS (ABS)
                                     24 
                                     25 ; default segment ordering for linker
                                     26 	.area HOME
                                     27 	.area GSINIT
                                     28 	.area GSFINAL
                                     29 	.area CONST
                                     30 	.area INITIALIZER
                                     31 	.area CODE
                                     32 
                                     33 ;--------------------------------------------------------
                                     34 ; global & static initialisations
                                     35 ;--------------------------------------------------------
                                     36 	.area HOME
                                     37 	.area GSINIT
                                     38 	.area GSFINAL
                                     39 	.area GSINIT
                                     40 ;--------------------------------------------------------
                                     41 ; Home
                                     42 ;--------------------------------------------------------
                                     43 	.area HOME
                                     44 	.area HOME
                                     45 ;--------------------------------------------------------
                                     46 ; code
                                     47 ;--------------------------------------------------------
                                     48 	.area CODE
                                     49 ;	/home/egis/ventmatika/Egidijus/stm8s003/src/STM8S-SDCC-SPL/src/stm8s_gpio_WriteHigh.c: 49: void GPIO_WriteHigh(GPIO_TypeDef* GPIOx, GPIO_Pin_TypeDef PortPins)
                                     50 ;	-----------------------------------------
                                     51 ;	 function GPIO_WriteHigh
                                     52 ;	-----------------------------------------
      000000                         53 _GPIO_WriteHigh:
                                     54 ;	/home/egis/ventmatika/Egidijus/stm8s003/src/STM8S-SDCC-SPL/src/stm8s_gpio_WriteHigh.c: 51: GPIOx->ODR |= (uint8_t)PortPins;
      000000 1E 03            [ 2]   55 	ldw	x, (0x03, sp)
      000002 F6               [ 1]   56 	ld	a, (x)
      000003 1A 05            [ 1]   57 	or	a, (0x05, sp)
      000005 F7               [ 1]   58 	ld	(x), a
                                     59 ;	/home/egis/ventmatika/Egidijus/stm8s003/src/STM8S-SDCC-SPL/src/stm8s_gpio_WriteHigh.c: 52: }
      000006 81               [ 4]   60 	ret
                                     61 	.area CODE
                                     62 	.area CONST
                                     63 	.area INITIALIZER
                                     64 	.area CABS (ABS)
