2023-03-18 20:13:21,272 [INFO] Activator:176 - 


2023-03-18 20:13:21,274 [INFO] Activator:177 - !SESSION log4j initialized
2023-03-18 20:13:23,281 [INFO] LogOutputStream:77 - [STDOUT_REDIRECT] 
2023-03-18 20:13:31,308 [INFO] ApplicationProperties:184 - Using Application install path: /home/egis/st/stm32cubeide_1.12.0/plugins/com.st.stm32cube.common.mx_6.8.0.202302231600
2023-03-18 20:13:31,324 [INFO] DbMcusXml:78 - Set database path to: /home/egis/st/stm32cubeide_1.12.0/plugins/com.st.stm32cube.common.mx_6.8.0.202302231600//db//mcu/
2023-03-18 20:13:31,325 [INFO] ApiDb:274 - Set plugin database path to: /home/egis/st/stm32cubeide_1.12.0/plugins/com.st.stm32cube.common.mx_6.8.0.202302231600//db//plugins/boardmanager/
2023-03-18 20:13:31,328 [WARN] ApiDb:259 - Overriding images path with different value:  => /home/egis/st/stm32cubeide_1.12.0/plugins/com.st.stm32cube.common.mx_6.8.0.202302231600//db//plugins/mcufinder/images/
2023-03-18 20:13:31,342 [INFO] ApiDb:250 - Set database path to: /home/egis/.stmcufinder/plugins/mcufinder//mcu/
2023-03-18 20:13:31,344 [INFO] DbMcusAds:125 - Set database path to: /home/egis/.stmcufinder/plugins/mcufinder//mcu/
2023-03-18 20:13:31,347 [INFO] CrossReferenceDbSqlite:203 - Set database path to: /home/egis/.stmcufinder/plugins/mcufinder//mcu/cs/
2023-03-18 20:13:31,459 [INFO] RulesReader:64 - Compatibility file has been processed (293 Rules)
2023-03-18 20:13:31,506 [INFO] DbMcusXml:78 - Set database path to: /home/egis/st/stm32cubeide_1.12.0/plugins/com.st.stm32cube.common.mx_6.8.0.202302231600//db//mcu/
2023-03-18 20:13:31,507 [INFO] ApiDb:274 - Set plugin database path to: /home/egis/st/stm32cubeide_1.12.0/plugins/com.st.stm32cube.common.mx_6.8.0.202302231600//db//plugins/boardmanager/
2023-03-18 20:13:31,507 [INFO] ApiDb:261 - Set plugin images path to: /home/egis/st/stm32cubeide_1.12.0/plugins/com.st.stm32cube.common.mx_6.8.0.202302231600//db//plugins/mcufinder/images/
2023-03-18 20:13:31,507 [WARN] DbFile:41 - Overriding database path with different value: /home/egis/.stmcufinder/plugins/mcufinder/ => /home/egis/.stmcufinder/plugins/mcufinder
2023-03-18 20:13:31,507 [INFO] ApiDb:250 - Set database path to: /home/egis/.stmcufinder/plugins/mcufinder//mcu/
2023-03-18 20:13:31,507 [WARN] DbFile:41 - Overriding database path with different value: /home/egis/.stmcufinder/plugins/mcufinder/ => /home/egis/.stmcufinder/plugins/mcufinder
2023-03-18 20:13:31,507 [INFO] DbMcusAds:125 - Set database path to: /home/egis/.stmcufinder/plugins/mcufinder//mcu/
2023-03-18 20:13:31,507 [WARN] DbFile:41 - Overriding database path with different value: /home/egis/.stmcufinder/plugins/mcufinder/ => /home/egis/.stmcufinder/plugins/mcufinder
2023-03-18 20:13:31,508 [WARN] DbFile:41 - Overriding database path with different value: /home/egis/.stmcufinder/plugins/mcufinder/ => /home/egis/.stmcufinder/plugins/mcufinder
2023-03-18 20:13:31,508 [INFO] CrossReferenceDbSqlite:203 - Set database path to: /home/egis/.stmcufinder/plugins/mcufinder//mcu/cs/
2023-03-18 20:13:31,571 [INFO] MainPanel:253 - HeapMemory: 268435456
2023-03-18 20:13:31,700 [INFO] DbMcusXml:78 - Set database path to: /home/egis/st/stm32cubeide_1.12.0/plugins/com.st.stm32cube.common.mx_6.8.0.202302231600//db//mcu/
2023-03-18 20:13:31,701 [INFO] ApiDb:274 - Set plugin database path to: /home/egis/st/stm32cubeide_1.12.0/plugins/com.st.stm32cube.common.mx_6.8.0.202302231600//db//plugins/boardmanager/
2023-03-18 20:13:31,701 [INFO] ApiDb:261 - Set plugin images path to: /home/egis/st/stm32cubeide_1.12.0/plugins/com.st.stm32cube.common.mx_6.8.0.202302231600//db//plugins/mcufinder/images/
2023-03-18 20:13:31,701 [WARN] DbFile:41 - Overriding database path with different value: /home/egis/.stmcufinder/plugins/mcufinder/ => /home/egis/.stmcufinder/plugins/mcufinder
2023-03-18 20:13:31,701 [INFO] ApiDb:250 - Set database path to: /home/egis/.stmcufinder/plugins/mcufinder//mcu/
2023-03-18 20:13:31,702 [WARN] DbFile:41 - Overriding database path with different value: /home/egis/.stmcufinder/plugins/mcufinder/ => /home/egis/.stmcufinder/plugins/mcufinder
2023-03-18 20:13:31,702 [INFO] DbMcusAds:125 - Set database path to: /home/egis/.stmcufinder/plugins/mcufinder//mcu/
2023-03-18 20:13:31,702 [WARN] DbFile:41 - Overriding database path with different value: /home/egis/.stmcufinder/plugins/mcufinder/ => /home/egis/.stmcufinder/plugins/mcufinder
2023-03-18 20:13:31,702 [WARN] DbFile:41 - Overriding database path with different value: /home/egis/.stmcufinder/plugins/mcufinder/ => /home/egis/.stmcufinder/plugins/mcufinder
2023-03-18 20:13:31,702 [INFO] CrossReferenceDbSqlite:203 - Set database path to: /home/egis/.stmcufinder/plugins/mcufinder//mcu/cs/
2023-03-18 20:13:31,722 [INFO] ApplicationProperties:184 - Using Application install path: /home/egis/st/stm32cubeide_1.12.0/plugins/com.st.stm32cube.common.mx_6.8.0.202302231600
2023-03-18 20:13:31,725 [INFO] PluginManage:196 - Search for loadable plugins [exclusion list=, ]
2023-03-18 20:13:31,726 [INFO] PluginManage:310 - Check plugin analytics
2023-03-18 20:13:31,856 [INFO] AnalyticsPlugin:253 - Accepted Software Licenses: 
2023-03-18 20:13:31,856 [INFO] AnalyticsPlugin:255 - Accepted CMSIS Pack Licenses: 
2023-03-18 20:13:31,856 [INFO] AnalyticsPlugin:257 - Accepted Firmware Licenses: FW.F4.1.27.0
2023-03-18 20:13:31,863 [INFO] PluginManage:359 - Loaded plugin analytics (category:tool,tabindex:-1)
2023-03-18 20:13:31,863 [INFO] PluginManage:310 - Check plugin cadmodel
2023-03-18 20:13:31,903 [INFO] CADModel:105 - Init CAD model plugin
2023-03-18 20:13:31,903 [INFO] PluginManage:359 - Loaded plugin cadmodel (category:power,tabindex:5)
2023-03-18 20:13:31,903 [INFO] PluginManage:310 - Check plugin clock
2023-03-18 20:13:31,912 [INFO] PluginManage:359 - Loaded plugin clock (category:base,tabindex:2)
2023-03-18 20:13:31,913 [INFO] PluginManage:310 - Check plugin ddr
2023-03-18 20:13:31,915 [INFO] PluginManage:359 - Loaded plugin ddr (category:tool,tabindex:6)
2023-03-18 20:13:31,915 [INFO] PluginManage:310 - Check plugin filemanager
2023-03-18 20:13:32,043 [INFO] PluginManage:359 - Loaded plugin filemanager (category:base,tabindex:10)
2023-03-18 20:13:32,044 [INFO] PluginManage:310 - Check plugin ipmanager
2023-03-18 20:13:32,049 [INFO] PluginManage:359 - Loaded plugin ipmanager (category:base,tabindex:5)
2023-03-18 20:13:32,049 [INFO] PluginManage:310 - Check plugin lpbam
2023-03-18 20:13:32,056 [INFO] PluginManage:359 - Loaded plugin lpbam (category:base,tabindex:0)
2023-03-18 20:13:32,056 [INFO] PluginManage:310 - Check plugin pinoutandconfiguration
2023-03-18 20:13:32,062 [INFO] PluginManage:359 - Loaded plugin pinoutandconfiguration (category:base,tabindex:1)
2023-03-18 20:13:32,062 [INFO] PluginManage:310 - Check plugin pinoutconfig
2023-03-18 20:13:32,118 [WARN] SupportedApi:132 - Cannot load RTOS API schema: s4s-elt-must-match.1: The content of 'definitions' must match (annotation?, (simpleType | complexType)?, (unique | key | keyref)*)). A problem was found starting at: attribute.
2023-03-18 20:13:32,238 [INFO] PluginManage:359 - Loaded plugin pinoutconfig (category:base,tabindex:0)
2023-03-18 20:13:32,239 [INFO] PluginManage:310 - Check plugin power
2023-03-18 20:13:32,245 [INFO] PluginManage:359 - Loaded plugin power (category:power,tabindex:4)
2023-03-18 20:13:32,245 [INFO] PluginManage:310 - Check plugin projectmanager
2023-03-18 20:13:32,257 [INFO] PluginManage:359 - Loaded plugin projectmanager (category:projectmanager,tabindex:3)
2023-03-18 20:13:32,257 [INFO] PluginManage:310 - Check plugin thirdparty
2023-03-18 20:13:32,347 [WARN] IntegrityCheckThread:84 - waiting for thirdparty lock release [integrity check]
2023-03-18 20:13:32,347 [INFO] PluginManage:359 - Loaded plugin thirdparty (category:base,tabindex:-1)
2023-03-18 20:13:32,347 [INFO] IntegrityCheckThread:86 - entering critical section [integrity check]
2023-03-18 20:13:32,348 [INFO] PluginManage:310 - Check plugin tools
2023-03-18 20:13:32,349 [INFO] ThirdPartyUpdaterWithRetryManager:70 - Updater plugin not ready yet. [1/15]
2023-03-18 20:13:32,350 [INFO] PluginManage:359 - Loaded plugin tools (category:base,tabindex:7)
2023-03-18 20:13:32,350 [INFO] PluginManage:310 - Check plugin tutovideos
2023-03-18 20:13:32,500 [INFO] PluginManage:359 - Loaded plugin tutovideos (category:base,tabindex:-1)
2023-03-18 20:13:32,500 [INFO] PluginManage:310 - Check plugin updater
2023-03-18 20:13:32,512 [INFO] PluginManage:359 - Loaded plugin updater (category:base,tabindex:12)
2023-03-18 20:13:32,512 [INFO] PluginManage:283 - PluginManage : Loaded plugins [15]
2023-03-18 20:13:32,698 [INFO] PinOutPanel:1499 - setPackage(No Configuration,No Configuration)
2023-03-18 20:13:32,759 [INFO] CADModel:165 - CPN selected for project level
2023-03-18 20:13:32,760 [INFO] CADModel:114 - Register for checkConnection events
2023-03-18 20:13:32,771 [INFO] IPUIPlugin:80 - create IPUIPlugin
2023-03-18 20:13:32,772 [INFO] PluginManager:220 - loadIPPluginJar : add tracer_emb
2023-03-18 20:13:32,773 [INFO] IPUIPlugin:80 - create IPUIPlugin
2023-03-18 20:13:32,774 [INFO] PluginManager:220 - loadIPPluginJar : add tsc
2023-03-18 20:13:32,779 [INFO] IPUIPlugin:80 - create IPUIPlugin
2023-03-18 20:13:32,779 [INFO] PluginManager:220 - loadIPPluginJar : add gfxmmu
2023-03-18 20:13:32,781 [INFO] IPUIPlugin:80 - create IPUIPlugin
2023-03-18 20:13:32,782 [INFO] PluginManager:220 - loadIPPluginJar : add aes
2023-03-18 20:13:32,785 [INFO] IPUIPlugin:80 - create IPUIPlugin
2023-03-18 20:13:32,785 [INFO] PluginManager:220 - loadIPPluginJar : add ipddr
2023-03-18 20:13:32,788 [INFO] IPUIPlugin:80 - create IPUIPlugin
2023-03-18 20:13:32,788 [INFO] PluginManager:220 - loadIPPluginJar : add usart
2023-03-18 20:13:32,796 [INFO] IPUIPlugin:80 - create IPUIPlugin
2023-03-18 20:13:32,796 [INFO] PluginManager:220 - loadIPPluginJar : add adc
2023-03-18 20:13:32,803 [INFO] IPUIPlugin:80 - create IPUIPlugin
2023-03-18 20:13:32,803 [INFO] PluginManager:220 - loadIPPluginJar : add freertos
2023-03-18 20:13:32,805 [INFO] IPUIPlugin:80 - create IPUIPlugin
2023-03-18 20:13:32,805 [INFO] PluginManager:220 - loadIPPluginJar : add tim
2023-03-18 20:13:32,809 [INFO] IPUIPlugin:80 - create IPUIPlugin
2023-03-18 20:13:32,810 [INFO] PluginManager:220 - loadIPPluginJar : add gpio
2023-03-18 20:13:32,812 [INFO] IPUIPlugin:80 - create IPUIPlugin
2023-03-18 20:13:32,812 [INFO] PluginManager:220 - loadIPPluginJar : add ts
2023-03-18 20:13:32,814 [INFO] IPUIPlugin:80 - create IPUIPlugin
2023-03-18 20:13:32,814 [INFO] PluginManager:220 - loadIPPluginJar : add hash
2023-03-18 20:13:32,817 [INFO] IPUIPlugin:80 - create IPUIPlugin
2023-03-18 20:13:32,817 [INFO] PluginManager:220 - loadIPPluginJar : add cryp
2023-03-18 20:13:32,823 [INFO] IPUIPlugin:80 - create IPUIPlugin
2023-03-18 20:13:32,823 [INFO] PluginManager:220 - loadIPPluginJar : add mdma
2023-03-18 20:13:32,825 [INFO] IPUIPlugin:80 - create IPUIPlugin
2023-03-18 20:13:32,825 [INFO] PluginManager:220 - loadIPPluginJar : add spi
2023-03-18 20:13:32,830 [INFO] IPUIPlugin:80 - create IPUIPlugin
2023-03-18 20:13:32,830 [INFO] PluginManager:220 - loadIPPluginJar : add stm32_wpan
2023-03-18 20:13:32,833 [INFO] IPUIPlugin:80 - create IPUIPlugin
2023-03-18 20:13:32,833 [INFO] PluginManager:220 - loadIPPluginJar : add i3c
2023-03-18 20:13:32,839 [INFO] IPUIPlugin:80 - create IPUIPlugin
2023-03-18 20:13:32,840 [INFO] PluginManager:220 - loadIPPluginJar : add gic
2023-03-18 20:13:32,842 [INFO] IPUIPlugin:80 - create IPUIPlugin
2023-03-18 20:13:32,842 [INFO] PluginManager:220 - loadIPPluginJar : add dfsdm
2023-03-18 20:13:32,852 [INFO] IPUIPlugin:80 - create IPUIPlugin
2023-03-18 20:13:32,852 [INFO] PluginManager:220 - loadIPPluginJar : add linkedlist
2023-03-18 20:13:32,856 [INFO] IPUIPlugin:80 - create IPUIPlugin
2023-03-18 20:13:32,856 [INFO] PluginManager:220 - loadIPPluginJar : add nvic
2023-03-18 20:13:32,858 [INFO] IPUIPlugin:80 - create IPUIPlugin
2023-03-18 20:13:32,858 [INFO] PluginManager:220 - loadIPPluginJar : add quadspi
2023-03-18 20:13:32,861 [INFO] IPUIPlugin:80 - create IPUIPlugin
2023-03-18 20:13:32,861 [INFO] PluginManager:220 - loadIPPluginJar : add resmgrutility
2023-03-18 20:13:32,864 [INFO] IPUIPlugin:80 - create IPUIPlugin
2023-03-18 20:13:32,865 [INFO] PluginManager:220 - loadIPPluginJar : add openamp
2023-03-18 20:13:32,867 [INFO] IPUIPlugin:80 - create IPUIPlugin
2023-03-18 20:13:32,867 [INFO] PluginManager:220 - loadIPPluginJar : add i2s
2023-03-18 20:13:32,870 [INFO] IPUIPlugin:80 - create IPUIPlugin
2023-03-18 20:13:32,870 [INFO] PluginManager:220 - loadIPPluginJar : add sai
2023-03-18 20:13:32,871 [INFO] IPUIPlugin:80 - create IPUIPlugin
2023-03-18 20:13:32,872 [INFO] PluginManager:220 - loadIPPluginJar : add fatfs
2023-03-18 20:13:32,873 [INFO] IPUIPlugin:80 - create IPUIPlugin
2023-03-18 20:13:32,874 [INFO] PluginManager:220 - loadIPPluginJar : add comp
2023-03-18 20:13:32,877 [INFO] IPUIPlugin:80 - create IPUIPlugin
2023-03-18 20:13:32,877 [INFO] PluginManager:220 - loadIPPluginJar : add lorawan
2023-03-18 20:13:32,880 [INFO] IPUIPlugin:80 - create IPUIPlugin
2023-03-18 20:13:32,881 [INFO] PluginManager:220 - loadIPPluginJar : add dma3
2023-03-18 20:13:32,883 [INFO] IPUIPlugin:80 - create IPUIPlugin
2023-03-18 20:13:32,883 [INFO] PluginManager:220 - loadIPPluginJar : add ucpd
2023-03-18 20:13:32,886 [INFO] IPUIPlugin:80 - create IPUIPlugin
2023-03-18 20:13:32,887 [INFO] PluginManager:220 - loadIPPluginJar : add opamp
2023-03-18 20:13:32,890 [INFO] IPUIPlugin:80 - create IPUIPlugin
2023-03-18 20:13:32,890 [INFO] PluginManager:220 - loadIPPluginJar : add touchsensing
2023-03-18 20:13:32,896 [INFO] IPUIPlugin:80 - create IPUIPlugin
2023-03-18 20:13:32,896 [INFO] PluginManager:220 - loadIPPluginJar : add dma
2023-03-18 20:13:32,899 [INFO] IPUIPlugin:80 - create IPUIPlugin
2023-03-18 20:13:32,899 [INFO] PluginManager:220 - loadIPPluginJar : add i2c
2023-03-18 20:13:32,901 [INFO] IPUIPlugin:80 - create IPUIPlugin
2023-03-18 20:13:32,901 [INFO] PluginManager:220 - loadIPPluginJar : add pdm2pcm
2023-03-18 20:13:32,904 [INFO] IPUIPlugin:80 - create IPUIPlugin
2023-03-18 20:13:32,904 [INFO] PluginManager:220 - loadIPPluginJar : add can
2023-03-18 20:13:32,909 [INFO] IPUIPlugin:80 - create IPUIPlugin
2023-03-18 20:13:32,909 [INFO] PluginManager:220 - loadIPPluginJar : add fmc
2023-03-18 20:13:32,917 [INFO] IPUIPlugin:80 - create IPUIPlugin
2023-03-18 20:13:32,921 [INFO] PluginManager:220 - loadIPPluginJar : add plateformsettings
2023-03-18 20:13:32,924 [INFO] IPUIPlugin:80 - create IPUIPlugin
2023-03-18 20:13:32,924 [INFO] PluginManager:220 - loadIPPluginJar : add gtzc
2023-03-18 20:13:32,927 [INFO] IPUIPlugin:80 - create IPUIPlugin
2023-03-18 20:13:32,928 [INFO] PluginManager:220 - loadIPPluginJar : add usbx
2023-03-18 20:13:32,929 [INFO] IPUIPlugin:80 - create IPUIPlugin
2023-03-18 20:13:32,929 [INFO] PluginManager:220 - loadIPPluginJar : add ltdc
2023-03-18 20:13:32,930 [INFO] IPUIPlugin:80 - create IPUIPlugin
2023-03-18 20:13:32,931 [INFO] PluginManager:220 - loadIPPluginJar : add genericplugin
2023-03-18 20:13:33,050 [INFO] CADModel:165 - CPN selected for project level
2023-03-18 20:13:33,050 [INFO] CADModel:114 - Register for checkConnection events
2023-03-18 20:13:33,050 [FATAL] Updater:308 - Updater called before beeing initialized
2023-03-18 20:13:33,050 [ERROR] CADModel:125 - Updater not yet initialized, retry later 
2023-03-18 20:13:33,157 [INFO] CADModel:165 - CPN selected for project level
2023-03-18 20:13:33,157 [INFO] CADModel:114 - Register for checkConnection events
2023-03-18 20:13:33,157 [FATAL] Updater:308 - Updater called before beeing initialized
2023-03-18 20:13:33,157 [ERROR] CADModel:125 - Updater not yet initialized, retry later 
2023-03-18 20:13:33,161 [FATAL] Updater:308 - Updater called before beeing initialized
2023-03-18 20:13:33,250 [FATAL] Updater:308 - Updater called before beeing initialized
2023-03-18 20:13:33,257 [INFO] DbMcusAds:53 - JSON generation date=Tue Mar 07 10:50:55 EET 2023 (1678179055114)
2023-03-18 20:13:33,257 [FATAL] Updater:308 - Updater called before beeing initialized
2023-03-18 20:13:33,300 [WARN] DetailPanel:346 - Failed to get advertising image, set to default
2023-03-18 20:13:33,397 [FATAL] Updater:308 - Updater called before beeing initialized
2023-03-18 20:13:33,399 [FATAL] Updater:308 - Updater called before beeing initialized
2023-03-18 20:13:33,399 [FATAL] Updater:308 - Updater called before beeing initialized
2023-03-18 20:13:33,399 [WARN] DetailPanel:346 - Failed to get advertising image, set to default
2023-03-18 20:13:33,399 [FATAL] Updater:308 - Updater called before beeing initialized
2023-03-18 20:13:33,428 [ERROR] Updater:1120 - MainUpdater not yet initialized. External WinMGr cannot be set.
2023-03-18 20:13:33,430 [INFO] Updater:1056 - Updater Version found : 6.8.0
2023-03-18 20:13:33,444 [INFO] ApplicationProperties:184 - Using Application install path: /home/egis/st/stm32cubeide_1.12.0/plugins/com.st.stm32cube.common.mx_6.8.0.202302231600
2023-03-18 20:13:33,519 [INFO] MainUpdater:2854 - connection check result : 10
2023-03-18 20:13:33,519 [INFO] MainUpdater:283 - Updater Check For Update Now.
2023-03-18 20:13:33,519 [INFO] MicroXplorer:498 - Change Database Version : DB.6.0.80
2023-03-18 20:13:33,673 [INFO] CheckServerUpdateThread:120 - End of CheckServer Thread
2023-03-18 20:13:33,726 [INFO] MainUpdater:2854 - connection check result : 10
2023-03-18 20:13:34,374 [INFO] ApiDb:581 - Connected to CubeFinder SQLite database (/home/egis/.stmcufinder/plugins/mcufinder/mcu/cube-finder-db.db)
2023-03-18 20:13:34,466 [INFO] ApiDb:668 - CubeFinder database Data Model version=2.1
2023-03-18 20:13:34,466 [INFO] ApiDb:669 - CubeFinder database Configuration version=3.0.35
2023-03-18 20:13:34,467 [INFO] ApiDb:670 - CubeFinder database generation date=2023-03-10 (1678456172)
2023-03-18 20:13:34,468 [INFO] ApiDb:671 - CubeFinder database FW Pack versions=[FP-ATR-ASTRA1_V1.1.1, STM32Cube_FW_C0_V1.0.1, STM32Cube_FW_F0_V1.11.4, STM32Cube_FW_F3_V1.11.4, STM32Cube_FW_F4_V1.27.1, STM32Cube_FW_F7_V1.17.0, STM32Cube_FW_G0_V1.6.1, STM32Cube_FW_G4_V1.5.1, STM32Cube_FW_H5_V0.5.1, STM32Cube_FW_H5_V1.0.0, STM32Cube_FW_H7_V1.11.0, STM32Cube_FW_L0_V1.12.2, STM32Cube_FW_L5_V1.5.0, STM32Cube_FW_U5_V1.2.0, STM32Cube_FW_WBA_V1.0.0, STM32Cube_FW_WBA_V1.0.0RC1, STM32Cube_FW_WBA_V1.0.0RC3, STM32Cube_FW_WB_V1.15.0RC1, STM32Cube_FW_WB_V1.16.0, STM32Cube_FW_WB_V1.16.0RC2, STM32Cube_FW_WL_V1.3.0, X-CUBE-ALGOBUILD_V1.3.0, X-CUBE-ALS_V1.0.1, X-CUBE-AZRTOS-F4_V1.1.0, X-CUBE-AZRTOS-F7_V1.1.0, X-CUBE-AZRTOS-G0_V1.1.0, X-CUBE-AZRTOS-G4_V1.0.0, X-CUBE-AZRTOS-H7_V3.0.0, X-CUBE-AZRTOS-L4_V1.0.0, X-CUBE-AZRTOS-L5_V1.1.0, X-CUBE-AZRTOS-WB_V1.1.0, X-CUBE-AZRTOS-WL_V1.0.0, X-CUBE-BLE1_V6.2.4, X-CUBE-BLE2_V3.3.0, X-CUBE-BLEMGR_V1.3.0, X-CUBE-EEPRMA1_V4.1.0, X-CUBE-GNSS1_V6.0.0, X-CUBE-MEMS1_V9.1.0, X-CUBE-MEMS1_V9.4.0, X-CUBE-MEMS1_V9.5.0, X-CUBE-NFC4_V3.0.0, X-CUBE-NFC7_V1.0.0, X-CUBE-SFXS2LP1_V4.0.0, X-CUBE-SUBG2_V5.0.0]
2023-03-18 20:13:34,560 [INFO] DbBoardsSqlite:226 - include board P-NUCLEO-WB55-NUCLEO as a kit item of type 'Nucleo-64'
2023-03-18 20:13:34,560 [INFO] DbBoardsSqlite:226 - include board P-NUCLEO-WB55-USBDONGLE as a kit item of type 'Nucleo USB Dongle'
2023-03-18 20:13:34,561 [INFO] DbBoardsSqlite:226 - include board STEVAL-IDP005V1 as a kit item of type 'Evaluation Board'
2023-03-18 20:13:34,561 [INFO] DbBoardsSqlite:226 - include board STEVAL-IDP005V2 as a kit item of type 'Evaluation Board'
2023-03-18 20:13:34,621 [INFO] ApiDb:240 - Found 297 in-development CPN: [B-G473E-ZEST1S, B-WB1M-WPAN1, B-WL5M-SUBG1, NUCLEO-C031C6, NUCLEO-H503RB, NUCLEO-H563ZI, NUCLEO-U545RE-Q, NUCLEO-U5A5ZJ-Q, NUCLEO-WBA52CG, STEVAL-PROTEUS1, STEVAL-STWINBX1, STM320518-EVAL, STM32C0116-DK, STM32C011D6Y3TR, STM32C011D6Y6TR, STM32C011F4P3, STM32C011F4P6, STM32C011F4U3, STM32C011F4U6TR, STM32C011F6P3, STM32C011F6P6, STM32C011F6U3, STM32C011F6U6TR, STM32C011J4M3, STM32C011J4M6, STM32C011J6M3, STM32C011J6M6, STM32C0316-DK, STM32C031C4T3, STM32C031C4T6, STM32C031C4U3, STM32C031C4U6, STM32C031C6T3, STM32C031C6T6, STM32C031C6U3, STM32C031C6U6, STM32C031F4P3, STM32C031F4P6, STM32C031F6P3, STM32C031F6P6, STM32C031G4U3, STM32C031G4U6, STM32C031G6U3, STM32C031G6U6, STM32C031K4T3, STM32C031K4T6, STM32C031K4U3, STM32C031K4U6, STM32C031K6T3, STM32C031K6T6, STM32C031K6U3, STM32C031K6U6, STM32G071K8TXN, STM32G071K8UXN, STM32G081GBU6N, STM32G081KBT6N, STM32G081KBUXN, STM32G0B1CCT6N, STM32G0B1KCT6, STM32G0B1NEY6TR, STM32G0B1RCT6N, STM32G0C1CCT6, STM32G0C1CCT6N, STM32G0C1CCU6N, STM32G0C1CET6N, STM32G0C1CEU6N, STM32G0C1KCT6, STM32G0C1NEY6TR, STM32G0C1RCI6N, STM32G0C1RCT6N, STM32G0C1REI6N, STM32G0C1RET6N, STM32G0C1VCI6, STM32G0C1VEI6, STM32G471CCT6, STM32G471CCU6, STM32G471CET3, STM32G471CET6, STM32G471CEU3, STM32G471CEU6, STM32G471MCT6, STM32G471MET3, STM32G471MET6, STM32G471MEY6TR, STM32G471QCT6, STM32G471QET3, STM32G471RCT6, STM32G471RET3, STM32G471RET6, STM32G471VCH6, STM32G471VCI6, STM32G471VCT6, STM32G471VEH3, STM32G471VEH6, STM32G471VEI3, STM32G471VEI6, STM32G471VET3, STM32G471VET6, STM32G474CCT6, STM32H503CBT6, STM32H503CBU6, STM32H503EBY6TR, STM32H503KBU6, STM32H503RBT6, STM32H562AGI6, STM32H562AII6, STM32H562IGK6, STM32H562IGT6, STM32H562IIK6, STM32H562IIT6, STM32H562RGT6, STM32H562RGV6, STM32H562RIT6, STM32H562RIV6, STM32H562VGT6, STM32H562VIT6, STM32H562ZGT6, STM32H562ZIT6, STM32H563AGI6, STM32H563AII3Q, STM32H563AII6, STM32H563IGK6, STM32H563IGT6, STM32H563IIK3Q, STM32H563IIK6, STM32H563IIT3Q, STM32H563IIT6, STM32H563MIY3QTR, STM32H563RGT6, STM32H563RGV6, STM32H563RIT6, STM32H563RIV6, STM32H563VGT6, STM32H563VIT3Q, STM32H563VIT6, STM32H563ZGT6, STM32H563ZIT3Q, STM32H563ZIT6, STM32H573AII3Q, STM32H573AII6, STM32H573I-DK, STM32H573IIK3Q, STM32H573IIK6, STM32H573IIT3Q, STM32H573IIT6, STM32H573MIY3QTR, STM32H573RIT6, STM32H573RIV6, STM32H573VIT3Q, STM32H573VIT6, STM32H573ZIT3Q, STM32H573ZIT6, STM32L4R5QGI6STR, STM32MP131AAE3, STM32MP131AAF3, STM32MP131AAG3, STM32MP131CAE3, STM32MP131CAF3, STM32MP131CAG3, STM32MP131DAE7, STM32MP131DAF7, STM32MP131DAG7, STM32MP131FAE7, STM32MP131FAF7, STM32MP131FAG7, STM32MP133AAE3, STM32MP133AAF3, STM32MP133AAG3, STM32MP133CAE3, STM32MP133CAF3, STM32MP133CAG3, STM32MP133DAE7, STM32MP133DAF7, STM32MP133DAG7, STM32MP133FAE7, STM32MP133FAF7, STM32MP133FAG7, STM32MP135AAE3, STM32MP135AAF3, STM32MP135AAG3, STM32MP135CAE3, STM32MP135CAF3, STM32MP135CAG3, STM32MP135DAE7, STM32MP135DAF7, STM32MP135DAG7, STM32MP135F-DK, STM32MP135FAE7, STM32MP135FAF7, STM32MP135FAF7T, STM32MP135FAF7U, STM32MP135FAG7, STM32U535CBT6, STM32U535CBT6Q, STM32U535CBU6, STM32U535CBU6Q, STM32U535CCT6, STM32U535CCT6Q, STM32U535CCU6, STM32U535CCU6Q, STM32U535CET6, STM32U535CET6Q, STM32U535CEU6, STM32U535CEU6Q, STM32U535JEY6QTR, STM32U535NCY6QTR, STM32U535NEY6QTR, STM32U535RBI6, STM32U535RBI6Q, STM32U535RBT6, STM32U535RBT6Q, STM32U535RCI6, STM32U535RCI6Q, STM32U535RCT6, STM32U535RCT6Q, STM32U535REI6, STM32U535REI6Q, STM32U535RET6, STM32U535RET6Q, STM32U535VCI6, STM32U535VCI6Q, STM32U535VCT6, STM32U535VCT6Q, STM32U535VEI6, STM32U535VEI6Q, STM32U535VET6, STM32U535VET6Q, STM32U545CET6, STM32U545CET6Q, STM32U545CEU6, STM32U545CEU6Q, STM32U545JEY6QTR, STM32U545NEY6QTR, STM32U545REI6, STM32U545REI6Q, STM32U545RET6, STM32U545RET6Q, STM32U545VEI6, STM32U545VEI6Q, STM32U545VET6, STM32U545VET6Q, STM32U595AIH6, STM32U595AIH6Q, STM32U595AJH6, STM32U595AJH6Q, STM32U595QII6, STM32U595QII6Q, STM32U595QJI6, STM32U595QJI6Q, STM32U595RIT6, STM32U595RIT6Q, STM32U595RJT6, STM32U595RJT6Q, STM32U595VIT6, STM32U595VIT6Q, STM32U595VJT6, STM32U595VJT6Q, STM32U595ZIT6, STM32U595ZIT6Q, STM32U595ZIY6QTR, STM32U595ZJT6, STM32U595ZJT6Q, STM32U595ZJY6QTR, STM32U599BJY6QTR, STM32U599NIH6Q, STM32U599NJH6Q, STM32U599VIT6Q, STM32U599VJT6, STM32U599VJT6Q, STM32U599ZIT6Q, STM32U599ZIY6QTR, STM32U599ZJT6Q, STM32U599ZJY6QTR, STM32U5A5AJH6, STM32U5A5AJH6Q, STM32U5A5QJI6, STM32U5A5QJI6Q, STM32U5A5RJT6, STM32U5A5RJT6Q, STM32U5A5VJT6, STM32U5A5VJT6Q, STM32U5A5ZJT6, STM32U5A5ZJT6Q, STM32U5A5ZJY6QTR, STM32U5A9BJY6QTR, STM32U5A9J-DK, STM32U5A9NJH6Q, STM32U5A9VJT6Q, STM32U5A9ZJT6Q, STM32U5A9ZJY6QTR, STM32WB1MMCH6, STM32WBA52CEU6, STM32WBA52CEU6T, STM32WBA52CGU6, STM32WBA52CGU6T, STM32WL5MOCH6, STM32WL5MOCH6TR]
2023-03-18 20:13:34,785 [INFO] BoardInfo:880 - No configuration file found for board P-NUCLEO-WB55
2023-03-18 20:13:34,786 [INFO] DbBoards:157 - Kit is not supported: P-NUCLEO-WB55
2023-03-18 20:13:34,789 [INFO] BoardInfo:880 - No configuration file found for board STEVAL-BFA001V1B
2023-03-18 20:13:34,789 [INFO] DbBoards:157 - Kit is not supported: STEVAL-BFA001V1B
2023-03-18 20:13:34,790 [INFO] BoardInfo:880 - No configuration file found for board STEVAL-BFA001V2B
2023-03-18 20:13:34,790 [INFO] DbBoards:157 - Kit is not supported: STEVAL-BFA001V2B
2023-03-18 20:13:34,889 [INFO] DbBoards:161 - Found 187 boards, 184 are supported
2023-03-18 20:13:34,895 [INFO] ApiDb:668 - CubeFinder database Data Model version=2.1
2023-03-18 20:13:34,895 [INFO] ApiDb:669 - CubeFinder database Configuration version=3.0.35
2023-03-18 20:13:34,895 [INFO] ApiDb:670 - CubeFinder database generation date=2023-03-10 (1678456172)
2023-03-18 20:13:34,895 [INFO] ApiDb:671 - CubeFinder database FW Pack versions=[FP-ATR-ASTRA1_V1.1.1, STM32Cube_FW_C0_V1.0.1, STM32Cube_FW_F0_V1.11.4, STM32Cube_FW_F3_V1.11.4, STM32Cube_FW_F4_V1.27.1, STM32Cube_FW_F7_V1.17.0, STM32Cube_FW_G0_V1.6.1, STM32Cube_FW_G4_V1.5.1, STM32Cube_FW_H5_V0.5.1, STM32Cube_FW_H5_V1.0.0, STM32Cube_FW_H7_V1.11.0, STM32Cube_FW_L0_V1.12.2, STM32Cube_FW_L5_V1.5.0, STM32Cube_FW_U5_V1.2.0, STM32Cube_FW_WBA_V1.0.0, STM32Cube_FW_WBA_V1.0.0RC1, STM32Cube_FW_WBA_V1.0.0RC3, STM32Cube_FW_WB_V1.15.0RC1, STM32Cube_FW_WB_V1.16.0, STM32Cube_FW_WB_V1.16.0RC2, STM32Cube_FW_WL_V1.3.0, X-CUBE-ALGOBUILD_V1.3.0, X-CUBE-ALS_V1.0.1, X-CUBE-AZRTOS-F4_V1.1.0, X-CUBE-AZRTOS-F7_V1.1.0, X-CUBE-AZRTOS-G0_V1.1.0, X-CUBE-AZRTOS-G4_V1.0.0, X-CUBE-AZRTOS-H7_V3.0.0, X-CUBE-AZRTOS-L4_V1.0.0, X-CUBE-AZRTOS-L5_V1.1.0, X-CUBE-AZRTOS-WB_V1.1.0, X-CUBE-AZRTOS-WL_V1.0.0, X-CUBE-BLE1_V6.2.4, X-CUBE-BLE2_V3.3.0, X-CUBE-BLEMGR_V1.3.0, X-CUBE-EEPRMA1_V4.1.0, X-CUBE-GNSS1_V6.0.0, X-CUBE-MEMS1_V9.1.0, X-CUBE-MEMS1_V9.4.0, X-CUBE-MEMS1_V9.5.0, X-CUBE-NFC4_V3.0.0, X-CUBE-NFC7_V1.0.0, X-CUBE-SFXS2LP1_V4.0.0, X-CUBE-SUBG2_V5.0.0]
2023-03-18 20:13:35,444 [WARN] PackLoader:240 - Cannot read IP mode file for STMicroelectronics.X-CUBE-GNSS1.6.0.0
2023-03-18 20:13:35,472 [WARN] PackLoader:240 - Cannot read IP mode file for STMicroelectronics.X-CUBE-AZRTOS-F4.1.1.0
2023-03-18 20:13:35,496 [WARN] PackLoader:240 - Cannot read IP mode file for STMicroelectronics.X-CUBE-AZRTOS-F7.1.1.0
2023-03-18 20:13:35,504 [WARN] PackLoader:240 - Cannot read IP mode file for STMicroelectronics.X-CUBE-BLE1.6.2.4
2023-03-18 20:13:35,515 [WARN] PackLoader:240 - Cannot read IP mode file for emotas.I-CUBE-CANOPEN.1.1.3
2023-03-18 20:13:35,525 [WARN] PackLoader:240 - Cannot read IP mode file for STMicroelectronics.X-CUBE-BLEMGR.2.0.0
2023-03-18 20:13:35,535 [WARN] PackLoader:240 - Cannot read IP mode file for STMicroelectronics.X-CUBE-DISPLAY.3.0.0
2023-03-18 20:13:35,543 [WARN] PackLoader:240 - Cannot read IP mode file for wolfSSL.I-CUBE-wolfSSL.5.5.4
2023-03-18 20:13:35,549 [WARN] PackLoader:240 - Cannot read IP mode file for STMicroelectronics.X-CUBE-NFC7.1.0.0
2023-03-18 20:13:35,555 [WARN] PackLoader:240 - Cannot read IP mode file for STMicroelectronics.X-CUBE-EEPRMA1.4.1.0
2023-03-18 20:13:35,564 [WARN] PackLoader:240 - Cannot read IP mode file for WES.I-CUBE-Cesium.1.3.0
2023-03-18 20:13:35,572 [WARN] PackLoader:240 - Cannot read IP mode file for STMicroelectronics.X-CUBE-SFXS2LP1.4.0.0
2023-03-18 20:13:35,578 [WARN] PackLoader:240 - Cannot read IP mode file for STMicroelectronics.X-CUBE-BLE2.3.3.0
2023-03-18 20:13:35,591 [WARN] PackLoader:240 - Cannot read IP mode file for STMicroelectronics.X-CUBE-TOF1.3.2.0
2023-03-18 20:13:35,621 [WARN] PackLoader:240 - Cannot read IP mode file for STMicroelectronics.X-CUBE-AZRTOS-H7.3.0.0
2023-03-18 20:13:35,626 [WARN] PackLoader:240 - Cannot read IP mode file for STMicroelectronics.X-CUBE-ISPU.1.1.0
2023-03-18 20:13:35,633 [WARN] PackLoader:240 - Cannot read IP mode file for RoweBots.I-CUBE-UNISONRTOS.5.5.0-4
2023-03-18 20:13:35,636 [WARN] PackLoader:240 - Cannot read IP mode file for STMicroelectronics.X-CUBE-AI.8.0.0
2023-03-18 20:13:35,639 [WARN] PackLoader:240 - Cannot read IP mode file for STMicroelectronics.X-CUBE-FREERTOS.1.0.0
2023-03-18 20:13:35,641 [WARN] PackLoader:240 - Cannot read IP mode file for STMicroelectronics.X-CUBE-TOUCHGFX.4.21.1
2023-03-18 20:13:35,645 [WARN] PackLoader:240 - Cannot read IP mode file for STMicroelectronics.X-CUBE-ALGOBUILD.1.3.0
2023-03-18 20:13:35,656 [WARN] PackLoader:240 - Cannot read IP mode file for STMicroelectronics.X-CUBE-AZRTOS-L5.1.1.0
2023-03-18 20:13:35,692 [WARN] PackLoader:240 - Cannot read IP mode file for STMicroelectronics.X-CUBE-AZRTOS-G0.1.1.0
2023-03-18 20:13:35,704 [WARN] PackLoader:240 - Cannot read IP mode file for STMicroelectronics.X-CUBE-SUBG2.5.0.0
2023-03-18 20:13:35,715 [WARN] PackLoader:240 - Cannot read IP mode file for STMicroelectronics.X-CUBE-NFC4.3.0.0
2023-03-18 20:13:35,719 [WARN] PackLoader:240 - Cannot read IP mode file for STMicroelectronics.FP-ATR-ASTRA1.1.1.1
2023-03-18 20:13:35,733 [WARN] PackLoader:240 - Cannot read IP mode file for STMicroelectronics.X-CUBE-AZRTOS-G4.1.0.0
2023-03-18 20:13:35,737 [WARN] PackLoader:240 - Cannot read IP mode file for STMicroelectronics.FP-ATR-SIGFOX1.3.2.0
2023-03-18 20:13:35,754 [WARN] PackLoader:240 - Cannot read IP mode file for STMicroelectronics.X-CUBE-AZRTOS-L4.1.0.0
2023-03-18 20:13:35,767 [WARN] PackLoader:240 - Cannot read IP mode file for STMicroelectronics.X-CUBE-AZRTOS-WL.1.0.0
2023-03-18 20:13:35,772 [WARN] PackLoader:240 - Cannot read IP mode file for portGmbH.I-Cube-SoM-uGOAL.1.1.0
2023-03-18 20:13:35,775 [WARN] PackLoader:240 - Cannot read IP mode file for STMicroelectronics.X-CUBE-ALS.1.0.1
2023-03-18 20:13:35,815 [WARN] PackLoader:240 - Cannot read IP mode file for STMicroelectronics.X-CUBE-MEMS1.9.5.0
2023-03-18 20:13:36,015 [WARN] PackLoader:240 - Cannot read IP mode file for STMicroelectronics.X-CUBE-AZRTOS-WB.1.1.0
2023-03-18 20:13:36,044 [WARN] PackLoader:240 - Cannot read IP mode file for SEGGER.I-CUBE-embOS.1.3.1
2023-03-18 20:13:36,081 [INFO] ThirdParty:978 - Integrity check success = true
2023-03-18 20:13:36,081 [INFO] IntegrityCheckThread:100 - exiting critical section [integrity check]
2023-03-18 20:13:36,081 [INFO] IntegrityCheckThread:103 - End integrity checks thread
2023-03-18 20:13:37,064 [INFO] ApiDb:240 - Found 297 in-development CPN: [B-G473E-ZEST1S, B-WB1M-WPAN1, B-WL5M-SUBG1, NUCLEO-C031C6, NUCLEO-H503RB, NUCLEO-H563ZI, NUCLEO-U545RE-Q, NUCLEO-U5A5ZJ-Q, NUCLEO-WBA52CG, STEVAL-PROTEUS1, STEVAL-STWINBX1, STM320518-EVAL, STM32C0116-DK, STM32C011D6Y3TR, STM32C011D6Y6TR, STM32C011F4P3, STM32C011F4P6, STM32C011F4U3, STM32C011F4U6TR, STM32C011F6P3, STM32C011F6P6, STM32C011F6U3, STM32C011F6U6TR, STM32C011J4M3, STM32C011J4M6, STM32C011J6M3, STM32C011J6M6, STM32C0316-DK, STM32C031C4T3, STM32C031C4T6, STM32C031C4U3, STM32C031C4U6, STM32C031C6T3, STM32C031C6T6, STM32C031C6U3, STM32C031C6U6, STM32C031F4P3, STM32C031F4P6, STM32C031F6P3, STM32C031F6P6, STM32C031G4U3, STM32C031G4U6, STM32C031G6U3, STM32C031G6U6, STM32C031K4T3, STM32C031K4T6, STM32C031K4U3, STM32C031K4U6, STM32C031K6T3, STM32C031K6T6, STM32C031K6U3, STM32C031K6U6, STM32G071K8TXN, STM32G071K8UXN, STM32G081GBU6N, STM32G081KBT6N, STM32G081KBUXN, STM32G0B1CCT6N, STM32G0B1KCT6, STM32G0B1NEY6TR, STM32G0B1RCT6N, STM32G0C1CCT6, STM32G0C1CCT6N, STM32G0C1CCU6N, STM32G0C1CET6N, STM32G0C1CEU6N, STM32G0C1KCT6, STM32G0C1NEY6TR, STM32G0C1RCI6N, STM32G0C1RCT6N, STM32G0C1REI6N, STM32G0C1RET6N, STM32G0C1VCI6, STM32G0C1VEI6, STM32G471CCT6, STM32G471CCU6, STM32G471CET3, STM32G471CET6, STM32G471CEU3, STM32G471CEU6, STM32G471MCT6, STM32G471MET3, STM32G471MET6, STM32G471MEY6TR, STM32G471QCT6, STM32G471QET3, STM32G471RCT6, STM32G471RET3, STM32G471RET6, STM32G471VCH6, STM32G471VCI6, STM32G471VCT6, STM32G471VEH3, STM32G471VEH6, STM32G471VEI3, STM32G471VEI6, STM32G471VET3, STM32G471VET6, STM32G474CCT6, STM32H503CBT6, STM32H503CBU6, STM32H503EBY6TR, STM32H503KBU6, STM32H503RBT6, STM32H562AGI6, STM32H562AII6, STM32H562IGK6, STM32H562IGT6, STM32H562IIK6, STM32H562IIT6, STM32H562RGT6, STM32H562RGV6, STM32H562RIT6, STM32H562RIV6, STM32H562VGT6, STM32H562VIT6, STM32H562ZGT6, STM32H562ZIT6, STM32H563AGI6, STM32H563AII3Q, STM32H563AII6, STM32H563IGK6, STM32H563IGT6, STM32H563IIK3Q, STM32H563IIK6, STM32H563IIT3Q, STM32H563IIT6, STM32H563MIY3QTR, STM32H563RGT6, STM32H563RGV6, STM32H563RIT6, STM32H563RIV6, STM32H563VGT6, STM32H563VIT3Q, STM32H563VIT6, STM32H563ZGT6, STM32H563ZIT3Q, STM32H563ZIT6, STM32H573AII3Q, STM32H573AII6, STM32H573I-DK, STM32H573IIK3Q, STM32H573IIK6, STM32H573IIT3Q, STM32H573IIT6, STM32H573MIY3QTR, STM32H573RIT6, STM32H573RIV6, STM32H573VIT3Q, STM32H573VIT6, STM32H573ZIT3Q, STM32H573ZIT6, STM32L4R5QGI6STR, STM32MP131AAE3, STM32MP131AAF3, STM32MP131AAG3, STM32MP131CAE3, STM32MP131CAF3, STM32MP131CAG3, STM32MP131DAE7, STM32MP131DAF7, STM32MP131DAG7, STM32MP131FAE7, STM32MP131FAF7, STM32MP131FAG7, STM32MP133AAE3, STM32MP133AAF3, STM32MP133AAG3, STM32MP133CAE3, STM32MP133CAF3, STM32MP133CAG3, STM32MP133DAE7, STM32MP133DAF7, STM32MP133DAG7, STM32MP133FAE7, STM32MP133FAF7, STM32MP133FAG7, STM32MP135AAE3, STM32MP135AAF3, STM32MP135AAG3, STM32MP135CAE3, STM32MP135CAF3, STM32MP135CAG3, STM32MP135DAE7, STM32MP135DAF7, STM32MP135DAG7, STM32MP135F-DK, STM32MP135FAE7, STM32MP135FAF7, STM32MP135FAF7T, STM32MP135FAF7U, STM32MP135FAG7, STM32U535CBT6, STM32U535CBT6Q, STM32U535CBU6, STM32U535CBU6Q, STM32U535CCT6, STM32U535CCT6Q, STM32U535CCU6, STM32U535CCU6Q, STM32U535CET6, STM32U535CET6Q, STM32U535CEU6, STM32U535CEU6Q, STM32U535JEY6QTR, STM32U535NCY6QTR, STM32U535NEY6QTR, STM32U535RBI6, STM32U535RBI6Q, STM32U535RBT6, STM32U535RBT6Q, STM32U535RCI6, STM32U535RCI6Q, STM32U535RCT6, STM32U535RCT6Q, STM32U535REI6, STM32U535REI6Q, STM32U535RET6, STM32U535RET6Q, STM32U535VCI6, STM32U535VCI6Q, STM32U535VCT6, STM32U535VCT6Q, STM32U535VEI6, STM32U535VEI6Q, STM32U535VET6, STM32U535VET6Q, STM32U545CET6, STM32U545CET6Q, STM32U545CEU6, STM32U545CEU6Q, STM32U545JEY6QTR, STM32U545NEY6QTR, STM32U545REI6, STM32U545REI6Q, STM32U545RET6, STM32U545RET6Q, STM32U545VEI6, STM32U545VEI6Q, STM32U545VET6, STM32U545VET6Q, STM32U595AIH6, STM32U595AIH6Q, STM32U595AJH6, STM32U595AJH6Q, STM32U595QII6, STM32U595QII6Q, STM32U595QJI6, STM32U595QJI6Q, STM32U595RIT6, STM32U595RIT6Q, STM32U595RJT6, STM32U595RJT6Q, STM32U595VIT6, STM32U595VIT6Q, STM32U595VJT6, STM32U595VJT6Q, STM32U595ZIT6, STM32U595ZIT6Q, STM32U595ZIY6QTR, STM32U595ZJT6, STM32U595ZJT6Q, STM32U595ZJY6QTR, STM32U599BJY6QTR, STM32U599NIH6Q, STM32U599NJH6Q, STM32U599VIT6Q, STM32U599VJT6, STM32U599VJT6Q, STM32U599ZIT6Q, STM32U599ZIY6QTR, STM32U599ZJT6Q, STM32U599ZJY6QTR, STM32U5A5AJH6, STM32U5A5AJH6Q, STM32U5A5QJI6, STM32U5A5QJI6Q, STM32U5A5RJT6, STM32U5A5RJT6Q, STM32U5A5VJT6, STM32U5A5VJT6Q, STM32U5A5ZJT6, STM32U5A5ZJT6Q, STM32U5A5ZJY6QTR, STM32U5A9BJY6QTR, STM32U5A9J-DK, STM32U5A9NJH6Q, STM32U5A9VJT6Q, STM32U5A9ZJT6Q, STM32U5A9ZJY6QTR, STM32WB1MMCH6, STM32WBA52CEU6, STM32WBA52CEU6T, STM32WBA52CGU6, STM32WBA52CGU6T, STM32WL5MOCH6, STM32WL5MOCH6TR]
2023-03-18 20:13:37,068 [INFO] DbMcus:216 - Found 3775 MCUs, 3775 are supported
2023-03-18 20:13:37,069 [INFO] ApiDb:423 - Load user favorites file /home/egis/.stm32cubeide/favorites.mcus.txt: 0 item(s)
2023-03-18 20:13:37,070 [INFO] ApiDb:427 - User favorites MCUs=[]
2023-03-18 20:13:37,070 [INFO] DbMcus:222 - Set 0 / 0 favorites MCUs
2023-03-18 20:13:37,344 [INFO] ApiDb:423 - Load user favorites file /home/egis/.stm32cubeide/favorites.boards.txt: 0 item(s)
2023-03-18 20:13:37,344 [INFO] ApiDb:427 - User favorites Boards=[]
2023-03-18 20:13:37,345 [INFO] DbBoards:190 - Set 0 / 0 favorites Boards
2023-03-18 20:13:37,345 [INFO] McuFinderGlobals:66 - Set McuFinderConnectedMode to true
2023-03-18 20:13:37,351 [INFO] MultiScanPanel:200 - Auto-refresh data requested => check proxy status ongoing
2023-03-18 20:13:37,353 [INFO] FinderPluginLoader:95 - Searching for filters in installed packs
2023-03-18 20:13:38,581 [INFO] LoadUrlFilesThread:185 - End of LoadServerUrlFiles without Thread
2023-03-18 20:13:38,587 [INFO] DetailPanel:341 - Set advertising image to /home/egis/STM32Cube/Repository//en.prom-stm32h5-mcu-finder.jpg
2023-03-18 20:13:39,412 [INFO] ToolPreferences:110 - Table McuList, key=mcufinder_cubeide.mculist: column name not found=IO
2023-03-18 20:13:39,413 [INFO] ToolPreferences:110 - Table McuList, key=mcufinder_cubeide.mculist: column name not found=Freq.
2023-03-18 20:13:44,406 [ERROR] LogOutputStream:75 - [STDERR_REDIRECT] SLF4J: Failed to load class "org.slf4j.impl.StaticLoggerBinder".
2023-03-18 20:13:44,406 [ERROR] LogOutputStream:75 - [STDERR_REDIRECT] SLF4J: Defaulting to no-operation (NOP) logger implementation
2023-03-18 20:13:44,407 [ERROR] LogOutputStream:75 - [STDERR_REDIRECT] SLF4J: See http://www.slf4j.org/codes.html#StaticLoggerBinder for further details.
2023-03-18 20:14:23,832 [INFO] MainUpdater:2854 - connection check result : 10
2023-03-18 20:14:23,832 [INFO] MainUpdater:2854 - connection check result : 10
2023-03-18 20:14:23,901 [INFO] MicroXplorer:468 - Change Database Path : 
2023-03-18 20:14:23,901 [INFO] MicroXplorer:498 - Change Database Version : DB.6.0.80
2023-03-18 20:14:23,903 [WARN] ThirdParty:871 - waiting for thirdparty lock release [close project]
2023-03-18 20:14:23,903 [INFO] ThirdParty:873 - entering critical section [close project]
2023-03-18 20:14:23,905 [INFO] ThirdParty:883 - exiting critical section [close project]
2023-03-18 20:14:23,912 [INFO] PinOutPanel:1499 - setPackage(No Configuration,No Configuration)
2023-03-18 20:14:23,922 [INFO] UtilMem:75 - Begin LoadConfig() Used Memory: 409583376 Bytes (456130560)
2023-03-18 20:14:23,923 [INFO] MicroXplorer:468 - Change Database Path : 
2023-03-18 20:14:23,923 [INFO] MicroXplorer:498 - Change Database Version : DB.6.0.80
2023-03-18 20:14:23,924 [INFO] OpenFileManager:308 - Change cursor
2023-03-18 20:14:23,951 [INFO] Mcu:1937 - Initializing MCU STM32F051C8Tx STM32F051C8Tx 
2023-03-18 20:14:23,951 [INFO] Mcu:1950 - No CPN specified => set CPN to STM32F051C8T6
2023-03-18 20:14:25,219 [INFO] Context:659 - Trying to add GPIOservice into a context  which must be forbidden
2023-03-18 20:14:25,658 [INFO] ImportTextPane:194 - (OptionalMessage_ERROR) Unable to find key (Mcu.ThirdPartyNb) in loaded IOC file
2023-03-18 20:14:25,658 [INFO] ImportTextPane:194 - (OptionalMessage_ERROR) Unable to find key (Mcu.PinsNb) in loaded IOC file
2023-03-18 20:14:25,658 [INFO] ImportTextPane:194 - (OptionalMessage_ERROR) Unable to find key (Mcu.IPNb) in loaded IOC file
2023-03-18 20:14:25,738 [INFO] RtosManager:555 - Registered RTOS mode: class=CMSIS, group=RTOS, mode=CMSIS_V1, owner=FREERTOS
2023-03-18 20:14:25,738 [INFO] RtosManager:555 - Registered RTOS mode: class=CMSIS, group=RTOS2, mode=CMSIS_V2, owner=FREERTOS
2023-03-18 20:14:25,739 [INFO] RtosManager:555 - Registered RTOS mode: class=RTOS, group=Core, mode=CMSIS_V1, owner=FREERTOS
2023-03-18 20:14:25,739 [INFO] RtosManager:555 - Registered RTOS mode: class=RTOS, group=Core, mode=CMSIS_V2, owner=FREERTOS
2023-03-18 20:14:25,739 [WARN] ModelIntegratedComponent:184 - Missing modes for component STMicroelectronics:FreeRTOS:0.0.1:STMicroelectronics:RTOS:FreeRTOS:Core:::10.2.0:
2023-03-18 20:14:25,756 [WARN] ModelIntegratedComponent:63 - No mode defined for component null
2023-03-18 20:14:25,756 [WARN] ModelIntegratedComponent:63 - No mode defined for component null
2023-03-18 20:14:25,756 [WARN] ModelIntegratedComponent:63 - No mode defined for component null
2023-03-18 20:14:25,756 [WARN] ModelIntegratedComponent:63 - No mode defined for component null
2023-03-18 20:14:25,756 [WARN] ModelIntegratedComponent:63 - No mode defined for component null
2023-03-18 20:14:25,756 [WARN] ModelIntegratedComponent:63 - No mode defined for component null
2023-03-18 20:14:25,756 [WARN] ModelIntegratedComponent:63 - No mode defined for component null
2023-03-18 20:14:25,756 [WARN] ModelIntegratedComponent:63 - No mode defined for component null
2023-03-18 20:14:25,757 [WARN] ModelIntegratedComponent:63 - No mode defined for component null
2023-03-18 20:14:25,757 [WARN] ModelIntegratedComponent:63 - No mode defined for component null
2023-03-18 20:14:25,757 [WARN] ModelIntegratedComponent:63 - No mode defined for component null
2023-03-18 20:14:25,757 [WARN] ModelIntegratedComponent:63 - No mode defined for component null
2023-03-18 20:14:25,757 [WARN] ModelIntegratedComponent:63 - No mode defined for component null
2023-03-18 20:14:25,757 [WARN] ModelIntegratedComponent:63 - No mode defined for component null
2023-03-18 20:14:25,757 [WARN] ModelIntegratedComponent:63 - No mode defined for component null
2023-03-18 20:14:25,757 [WARN] ModelIntegratedComponent:63 - No mode defined for component null
2023-03-18 20:14:25,757 [WARN] ModelIntegratedComponent:63 - No mode defined for component null
2023-03-18 20:14:25,757 [WARN] ModelIntegratedComponent:63 - No mode defined for component null
2023-03-18 20:14:25,757 [WARN] ModelIntegratedComponent:63 - No mode defined for component null
2023-03-18 20:14:25,757 [WARN] ModelIntegratedComponent:63 - No mode defined for component null
2023-03-18 20:14:25,757 [WARN] ModelIntegratedComponent:63 - No mode defined for component null
2023-03-18 20:14:25,757 [WARN] ModelIntegratedComponent:63 - No mode defined for component null
2023-03-18 20:14:25,758 [WARN] ModelIntegratedComponent:63 - No mode defined for component null
2023-03-18 20:14:25,758 [WARN] ModelIntegratedComponent:63 - No mode defined for component null
2023-03-18 20:14:25,758 [WARN] ModelIntegratedComponent:63 - No mode defined for component null
2023-03-18 20:14:25,758 [WARN] ModelIntegratedComponent:63 - No mode defined for component null
2023-03-18 20:14:25,758 [WARN] ModelIntegratedComponent:63 - No mode defined for component null
2023-03-18 20:14:25,758 [WARN] ModelIntegratedComponent:63 - No mode defined for component null
2023-03-18 20:14:25,758 [WARN] ModelIntegratedComponent:63 - No mode defined for component null
2023-03-18 20:14:25,758 [WARN] ModelIntegratedComponent:63 - No mode defined for component null
2023-03-18 20:14:25,758 [WARN] ModelIntegratedComponent:63 - No mode defined for component null
2023-03-18 20:14:25,758 [WARN] ModelIntegratedComponent:63 - No mode defined for component null
2023-03-18 20:14:25,758 [WARN] ModelIntegratedComponent:63 - No mode defined for component null
2023-03-18 20:14:25,921 [INFO] ThirdPartyModel:298 - Start build external matchings
2023-03-18 20:14:26,223 [INFO] ThirdPartyModel:316 - End build external matchings
2023-03-18 20:14:26,391 [INFO] UtilMem:75 - End LoadConfig() Used Memory: 486759896 Bytes (631242752)
2023-03-18 20:14:26,510 [WARN] ThirdParty:833 - waiting for thirdparty lock release [change project]
2023-03-18 20:14:26,511 [INFO] ThirdParty:835 - entering critical section [change project]
2023-03-18 20:14:26,511 [INFO] ThirdParty:1030 - CMSIS Pack Vendor :STMicroelectronics X-CUBE-ISPU 1.1.0
2023-03-18 20:14:26,512 [INFO] ThirdParty:1030 - CMSIS Pack Vendor :RoweBots I-CUBE-UNISONRTOS 5.5.0-4
2023-03-18 20:14:26,512 [INFO] ThirdParty:1030 - CMSIS Pack Vendor :STMicroelectronics X-CUBE-GNSS1 6.0.0
2023-03-18 20:14:26,512 [INFO] ThirdParty:1030 - CMSIS Pack Vendor :STMicroelectronics USB_HOST 2.0.0
2023-03-18 20:14:26,512 [INFO] ThirdParty:1030 - CMSIS Pack Vendor :STMicroelectronics X-CUBE-AZRTOS-F4 1.1.0
2023-03-18 20:14:26,512 [INFO] ThirdParty:1030 - CMSIS Pack Vendor :STMicroelectronics LIBJPEG 8.0.0
2023-03-18 20:14:26,512 [INFO] ThirdParty:1030 - CMSIS Pack Vendor :STMicroelectronics USB_DEVICE 3.0.0
2023-03-18 20:14:26,512 [INFO] ThirdParty:1030 - CMSIS Pack Vendor :STMicroelectronics X-CUBE-AI 8.0.0
2023-03-18 20:14:26,513 [INFO] ThirdParty:1030 - CMSIS Pack Vendor :STMicroelectronics X-CUBE-FREERTOS 1.0.0
2023-03-18 20:14:26,513 [INFO] ThirdParty:1030 - CMSIS Pack Vendor :STMicroelectronics X-CUBE-TOUCHGFX 4.21.1
2023-03-18 20:14:26,513 [INFO] ThirdParty:1030 - CMSIS Pack Vendor :STMicroelectronics X-CUBE-AZRTOS-F7 1.1.0
2023-03-18 20:14:26,513 [INFO] ThirdParty:1030 - CMSIS Pack Vendor :STMicroelectronics USB_DEVICE 2.0.0
2023-03-18 20:14:26,514 [INFO] ThirdParty:1030 - CMSIS Pack Vendor :STMicroelectronics X-CUBE-ALGOBUILD 1.3.0
2023-03-18 20:14:26,514 [INFO] ThirdParty:1030 - CMSIS Pack Vendor :STMicroelectronics X-CUBE-BLE1 6.2.4
2023-03-18 20:14:26,514 [INFO] ThirdParty:1030 - CMSIS Pack Vendor :STMicroelectronics X-CUBE-AZRTOS-L5 1.1.0
2023-03-18 20:14:26,514 [INFO] ThirdParty:1030 - CMSIS Pack Vendor :STMicroelectronics FreeRTOS 0.0.1
2023-03-18 20:14:26,515 [INFO] ThirdParty:1030 - CMSIS Pack Vendor :emotas I-CUBE-CANOPEN 1.1.3
2023-03-18 20:14:26,515 [INFO] ThirdParty:1030 - CMSIS Pack Vendor :STMicroelectronics X-CUBE-AZRTOS-G0 1.1.0
2023-03-18 20:14:26,515 [INFO] ThirdParty:1030 - CMSIS Pack Vendor :STMicroelectronics X-CUBE-BLEMGR 2.0.0
2023-03-18 20:14:26,515 [INFO] ThirdParty:1030 - CMSIS Pack Vendor :STMicroelectronics X-CUBE-SUBG2 5.0.0
2023-03-18 20:14:26,515 [INFO] ThirdParty:1030 - CMSIS Pack Vendor :STMicroelectronics X-CUBE-NFC4 3.0.0
2023-03-18 20:14:26,516 [INFO] ThirdParty:1030 - CMSIS Pack Vendor :STMicroelectronics STM32_WPAN 1.0.0
2023-03-18 20:14:26,516 [INFO] ThirdParty:1030 - CMSIS Pack Vendor :STMicroelectronics lwIP 2.0.3
2023-03-18 20:14:26,516 [INFO] ThirdParty:1030 - CMSIS Pack Vendor :STMicroelectronics USB_HOST 1.0.0
2023-03-18 20:14:26,516 [INFO] ThirdParty:1030 - CMSIS Pack Vendor :STMicroelectronics PDM2PCM 3.1.0
2023-03-18 20:14:26,517 [INFO] ThirdParty:1030 - CMSIS Pack Vendor :STMicroelectronics FP-ATR-ASTRA1 1.1.1
2023-03-18 20:14:26,517 [INFO] ThirdParty:1030 - CMSIS Pack Vendor :STMicroelectronics PDM2PCM 3.3.0
2023-03-18 20:14:26,517 [INFO] ThirdParty:1030 - CMSIS Pack Vendor :STMicroelectronics X-CUBE-DISPLAY 3.0.0
2023-03-18 20:14:26,517 [INFO] ThirdParty:1030 - CMSIS Pack Vendor :STMicroelectronics X-CUBE-AZRTOS-G4 1.0.0
2023-03-18 20:14:26,518 [INFO] ThirdParty:1030 - CMSIS Pack Vendor :STMicroelectronics FP-ATR-SIGFOX1 3.2.0
2023-03-18 20:14:26,518 [INFO] ThirdParty:1030 - CMSIS Pack Vendor :wolfSSL I-CUBE-wolfSSL 5.5.4
2023-03-18 20:14:26,518 [INFO] ThirdParty:1030 - CMSIS Pack Vendor :STMicroelectronics X-CUBE-AZRTOS-L4 1.0.0
2023-03-18 20:14:26,518 [INFO] ThirdParty:1030 - CMSIS Pack Vendor :STMicroelectronics HAL Drivers 0.0.0
2023-03-18 20:14:26,518 [INFO] ThirdParty:1030 - CMSIS Pack Vendor :STMicroelectronics MBEDTLS 2.16.2
2023-03-18 20:14:26,518 [INFO] ThirdParty:1030 - CMSIS Pack Vendor :STMicroelectronics MBEDTLS 2.14.1
2023-03-18 20:14:26,518 [INFO] ThirdParty:1030 - CMSIS Pack Vendor :STMicroelectronics X-CUBE-NFC7 1.0.0
2023-03-18 20:14:26,519 [INFO] ThirdParty:1030 - CMSIS Pack Vendor :STMicroelectronics X-CUBE-AZRTOS-WL 1.0.0
2023-03-18 20:14:26,519 [INFO] ThirdParty:1030 - CMSIS Pack Vendor :STMicroelectronics X-CUBE-EEPRMA1 4.1.0
2023-03-18 20:14:26,519 [INFO] ThirdParty:1030 - CMSIS Pack Vendor :portGmbH I-Cube-SoM-uGOAL 1.1.0
2023-03-18 20:14:26,519 [INFO] ThirdParty:1030 - CMSIS Pack Vendor :STMicroelectronics X-CUBE-ALS 1.0.1
2023-03-18 20:14:26,519 [INFO] ThirdParty:1030 - CMSIS Pack Vendor :STMicroelectronics X-CUBE-MEMS1 9.5.0
2023-03-18 20:14:26,519 [INFO] ThirdParty:1030 - CMSIS Pack Vendor :STMicroelectronics ThreadX 1.0.0
2023-03-18 20:14:26,519 [INFO] ThirdParty:1030 - CMSIS Pack Vendor :STMicroelectronics X-CUBE-AZRTOS-WB 1.1.0
2023-03-18 20:14:26,520 [INFO] ThirdParty:1030 - CMSIS Pack Vendor :SEGGER I-CUBE-embOS 1.3.1
2023-03-18 20:14:26,520 [INFO] ThirdParty:1030 - CMSIS Pack Vendor :STMicroelectronics USB_DEVICE 1.0.0
2023-03-18 20:14:26,520 [INFO] ThirdParty:1030 - CMSIS Pack Vendor :STMicroelectronics ThreadX 0.0.2
2023-03-18 20:14:26,520 [INFO] ThirdParty:1030 - CMSIS Pack Vendor :WES I-CUBE-Cesium 1.3.0
2023-03-18 20:14:26,520 [INFO] ThirdParty:1030 - CMSIS Pack Vendor :STMicroelectronics lwIP 2.1.2
2023-03-18 20:14:26,520 [INFO] ThirdParty:1030 - CMSIS Pack Vendor :STMicroelectronics X-CUBE-SFXS2LP1 4.0.0
2023-03-18 20:14:26,520 [INFO] ThirdParty:1030 - CMSIS Pack Vendor :STMicroelectronics X-CUBE-BLE2 3.3.0
2023-03-18 20:14:26,521 [INFO] ThirdParty:1030 - CMSIS Pack Vendor :STMicroelectronics X-CUBE-TOF1 3.2.0
2023-03-18 20:14:26,521 [INFO] ThirdParty:1030 - CMSIS Pack Vendor :STMicroelectronics PDM2PCM 3.2.0
2023-03-18 20:14:26,521 [INFO] ThirdParty:1030 - CMSIS Pack Vendor :STMicroelectronics X-CUBE-AZRTOS-H7 3.0.0
2023-03-18 20:14:26,521 [INFO] ThirdParty:841 - exiting critical section [change project]
2023-03-18 20:14:27,001 [INFO] PinOutPanel:1499 - setPackage(No Configuration,No Configuration)
2023-03-18 20:14:27,003 [INFO] PinOutPanel:1499 - setPackage(STM32F051C8Tx,LQFP48)
2023-03-18 20:14:27,828 [INFO] UtilMem:75 - Before build in PCC Used Memory: 473921400 Bytes (631242752)
2023-03-18 20:14:28,543 [INFO] UtilMem:75 - After build in PCC Used Memory: 490971312 Bytes (631242752)
2023-03-18 20:14:28,581 [INFO] IPUIPlugin:80 - create IPUIPlugin
2023-03-18 20:14:28,581 [INFO] IPUIPlugin:80 - create IPUIPlugin
2023-03-18 20:14:28,581 [INFO] IPUIPlugin:80 - create IPUIPlugin
2023-03-18 20:14:28,582 [INFO] IPUIPlugin:80 - create IPUIPlugin
2023-03-18 20:14:28,582 [INFO] IPUIPlugin:80 - create IPUIPlugin
2023-03-18 20:14:28,582 [INFO] IPUIPlugin:80 - create IPUIPlugin
2023-03-18 20:14:28,582 [INFO] IPUIPlugin:80 - create IPUIPlugin
2023-03-18 20:14:28,582 [INFO] IPUIPlugin:80 - create IPUIPlugin
2023-03-18 20:14:28,582 [INFO] IPUIPlugin:80 - create IPUIPlugin
2023-03-18 20:14:28,582 [INFO] IPUIPlugin:80 - create IPUIPlugin
2023-03-18 20:14:28,583 [INFO] IPUIPlugin:80 - create IPUIPlugin
2023-03-18 20:14:28,583 [INFO] IPUIPlugin:80 - create IPUIPlugin
2023-03-18 20:14:28,583 [INFO] IPUIPlugin:80 - create IPUIPlugin
2023-03-18 20:14:28,583 [INFO] IPUIPlugin:80 - create IPUIPlugin
2023-03-18 20:14:28,583 [INFO] IPUIPlugin:80 - create IPUIPlugin
2023-03-18 20:14:28,583 [INFO] IPUIPlugin:80 - create IPUIPlugin
2023-03-18 20:14:28,584 [INFO] IPUIPlugin:80 - create IPUIPlugin
2023-03-18 20:14:28,584 [INFO] IPUIPlugin:80 - create IPUIPlugin
2023-03-18 20:14:28,584 [INFO] IPUIPlugin:80 - create IPUIPlugin
2023-03-18 20:14:28,584 [INFO] IPUIPlugin:80 - create IPUIPlugin
2023-03-18 20:14:28,584 [INFO] IPUIPlugin:80 - create IPUIPlugin
2023-03-18 20:14:28,585 [INFO] IPUIPlugin:80 - create IPUIPlugin
2023-03-18 20:14:28,585 [INFO] IPUIPlugin:80 - create IPUIPlugin
2023-03-18 20:14:28,585 [INFO] IPUIPlugin:80 - create IPUIPlugin
2023-03-18 20:14:28,585 [INFO] IPUIPlugin:80 - create IPUIPlugin
2023-03-18 20:14:28,585 [INFO] IPUIPlugin:80 - create IPUIPlugin
2023-03-18 20:14:28,585 [INFO] IPUIPlugin:80 - create IPUIPlugin
2023-03-18 20:14:28,585 [INFO] IPUIPlugin:80 - create IPUIPlugin
2023-03-18 20:14:28,585 [INFO] IPUIPlugin:80 - create IPUIPlugin
2023-03-18 20:14:28,586 [INFO] IPUIPlugin:80 - create IPUIPlugin
2023-03-18 20:14:28,586 [INFO] IPUIPlugin:80 - create IPUIPlugin
2023-03-18 20:14:28,586 [INFO] IPUIPlugin:80 - create IPUIPlugin
2023-03-18 20:14:28,586 [INFO] IPUIPlugin:80 - create IPUIPlugin
2023-03-18 20:14:28,586 [INFO] IPUIPlugin:80 - create IPUIPlugin
2023-03-18 20:14:28,775 [INFO] CADModel:165 - CPN selected for project levelSTM32F051C8T6
2023-03-18 20:14:28,775 [INFO] CADModel:114 - Register for checkConnection events
2023-03-18 20:14:28,827 [INFO] OpenFileManager:328 - Restore cursor
2023-03-18 20:14:29,476 [INFO] UtilMem:75 - End SaveConfig() Used Memory: 471342344 Bytes (631242752)
2023-03-18 20:14:29,532 [INFO] UtilMem:75 - End SaveConfig() Used Memory: 484968448 Bytes (631242752)
2023-03-18 20:14:30,093 [INFO] BlockDiagram:2759 - set Specific Code input for plugin: NVIC
2023-03-18 20:14:30,094 [INFO] BlockDiagram:2759 - set Specific Code input for plugin: RCC
2023-03-18 20:14:30,095 [INFO] CodeGenerator:793 - code generatio: config db path: /home/egis/st/stm32cubeide_1.12.0/plugins/com.st.stm32cube.common.mx_6.8.0.202302231600//db/
2023-03-18 20:14:30,391 [INFO] CodeEngine:255 - oldGeneratedFile, /home/egis/ventmatika/Egidijus/stm32f051/stm32f051/MXTmpFiles/license.tmp_save
2023-03-18 20:14:30,977 [INFO] CodeEngine:279 - Generated code: /home/egis/ventmatika/Egidijus/stm32f051/stm32f051/MXTmpFiles/license.tmp
2023-03-18 20:14:30,987 [INFO] CodeEngine:255 - oldGeneratedFile, /home/egis/ventmatika/Egidijus/stm32f051/stm32f051/Core/Src/stm32f0xx_it.c_save
2023-03-18 20:14:31,186 [INFO] CodeEngine:279 - Generated code: /home/egis/ventmatika/Egidijus/stm32f051/stm32f051/Core/Src/stm32f0xx_it.c
2023-03-18 20:14:31,188 [INFO] CodeEngine:255 - oldGeneratedFile, /home/egis/ventmatika/Egidijus/stm32f051/stm32f051/Core/Inc/stm32f0xx_it.h_save
2023-03-18 20:14:31,335 [INFO] CodeEngine:279 - Generated code: /home/egis/ventmatika/Egidijus/stm32f051/stm32f051/Core/Inc/stm32f0xx_it.h
2023-03-18 20:14:31,533 [INFO] CodeEngine:255 - oldGeneratedFile, /home/egis/ventmatika/Egidijus/stm32f051/stm32f051/Core/Src/stm32f0xx_hal_msp.c_save
2023-03-18 20:14:31,664 [INFO] CodeEngine:279 - Generated code: /home/egis/ventmatika/Egidijus/stm32f051/stm32f051/Core/Src/stm32f0xx_hal_msp.c
2023-03-18 20:14:31,665 [INFO] CodeEngine:255 - oldGeneratedFile, /home/egis/ventmatika/Egidijus/stm32f051/stm32f051/MXTmpFiles/system.tmp_save
2023-03-18 20:14:31,748 [INFO] CodeEngine:279 - Generated code: /home/egis/ventmatika/Egidijus/stm32f051/stm32f051/MXTmpFiles/system.tmp
2023-03-18 20:14:31,751 [INFO] CodeEngine:311 - oldGeneratedFile, /home/egis/ventmatika/Egidijus/stm32f051/stm32f051/Core/Inc/stm32f0xx_hal_conf.h_save
2023-03-18 20:14:31,854 [INFO] CodeEngine:335 - Generated code: /home/egis/ventmatika/Egidijus/stm32f051/stm32f051/Core/Inc/stm32f0xx_hal_conf.h
2023-03-18 20:14:31,895 [INFO] CodeEngine:255 - oldGeneratedFile, /home/egis/ventmatika/Egidijus/stm32f051/stm32f051/Core/Inc/main.h_save
2023-03-18 20:14:32,000 [INFO] CodeEngine:279 - Generated code: /home/egis/ventmatika/Egidijus/stm32f051/stm32f051/Core/Inc/main.h
2023-03-18 20:14:32,003 [INFO] CodeEngine:255 - oldGeneratedFile, /home/egis/ventmatika/Egidijus/stm32f051/stm32f051/Core/Src/main.c_save
2023-03-18 20:14:32,099 [INFO] CodeEngine:279 - Generated code: /home/egis/ventmatika/Egidijus/stm32f051/stm32f051/Core/Src/main.c
2023-03-18 20:14:32,816 [INFO] ProjectBuilder:2996 - Time for Copy HAL[1] : 70mS.
2023-03-18 20:14:32,828 [INFO] ProjectBuilder:4304 - Project Generator version: 3.19.2
2023-03-18 20:14:33,249 [INFO] ConfigFileManager:1483 - The Die is : DIE440
2023-03-18 20:14:33,259 [INFO] ApiDbMcu:507 - Load IP Config File for FATFS
2023-03-18 20:14:33,295 [INFO] ApiDbMcu:507 - Load IP Config File for FREERTOS
2023-03-18 20:14:33,480 [INFO] ApiDbMcu:507 - Load IP Config File for TOUCHSENSING
2023-03-18 20:14:34,469 [INFO] LogOutputStream:77 - [STDOUT_REDIRECT] 
2023-03-18 20:14:41,716 [INFO] ProjectBuilder:4505 - Time for Generating toolchain IDE Files: 8887mS.
2023-03-18 20:14:41,717 [INFO] ProjectBuilder:2867 - Time for Copy CMSIS : 1mS.
2023-03-18 20:14:41,718 [INFO] ProjectBuilder:2867 - Time for Copy CMSIS : 0mS.
2023-03-18 20:14:42,474 [INFO] McuFinderGlobals:66 - Set McuFinderConnectedMode to true
2023-03-18 20:14:42,476 [INFO] ApiDb:448 - Save user favorites file /home/egis/.stm32cubeide/favorites.mcus.txt: 0 item(s)
2023-03-18 20:14:42,476 [INFO] ApiDb:452 - User favorites MCUs=[]
2023-03-18 20:17:32,278 [INFO] UtilMem:75 - End SaveConfig() Used Memory: 536734000 Bytes (879755264)
2023-03-18 20:17:36,655 [INFO] UtilMem:75 - End SaveConfig() Used Memory: 619457504 Bytes (879755264)
2023-03-18 20:17:41,656 [INFO] UtilMem:75 - End SaveConfig() Used Memory: 768469208 Bytes (879755264)
2023-03-18 20:17:42,050 [INFO] BlockDiagram:2759 - set Specific Code input for plugin: ADC
2023-03-18 20:17:42,050 [INFO] BlockDiagram:2759 - set Specific Code input for plugin: NVIC
2023-03-18 20:17:42,051 [INFO] BlockDiagram:2759 - set Specific Code input for plugin: GPIO
2023-03-18 20:17:42,051 [INFO] BlockDiagram:2759 - set Specific Code input for plugin: RCC
2023-03-18 20:17:42,052 [INFO] CodeGenerator:793 - code generatio: config db path: /home/egis/st/stm32cubeide_1.12.0/plugins/com.st.stm32cube.common.mx_6.8.0.202302231600//db/
2023-03-18 20:17:42,298 [INFO] CodeEngine:255 - oldGeneratedFile, /home/egis/ventmatika/Egidijus/stm32f051/stm32f051/MXTmpFiles/license.tmp_save
2023-03-18 20:17:42,390 [INFO] CodeEngine:279 - Generated code: /home/egis/ventmatika/Egidijus/stm32f051/stm32f051/MXTmpFiles/license.tmp
2023-03-18 20:17:42,534 [INFO] CodeEngine:255 - oldGeneratedFile, /home/egis/ventmatika/Egidijus/stm32f051/stm32f051/MXTmpFiles/gpio.tmp_save
2023-03-18 20:17:42,601 [INFO] CodeEngine:279 - Generated code: /home/egis/ventmatika/Egidijus/stm32f051/stm32f051/MXTmpFiles/gpio.tmp
2023-03-18 20:17:42,667 [INFO] CodeEngine:255 - oldGeneratedFile, /home/egis/ventmatika/Egidijus/stm32f051/stm32f051/Core/Src/stm32f0xx_it.c_save
2023-03-18 20:17:42,759 [INFO] CodeEngine:279 - Generated code: /home/egis/ventmatika/Egidijus/stm32f051/stm32f051/Core/Src/stm32f0xx_it.c
2023-03-18 20:17:42,761 [INFO] CodeEngine:255 - oldGeneratedFile, /home/egis/ventmatika/Egidijus/stm32f051/stm32f051/Core/Inc/stm32f0xx_it.h_save
2023-03-18 20:17:42,970 [INFO] CodeEngine:279 - Generated code: /home/egis/ventmatika/Egidijus/stm32f051/stm32f051/Core/Inc/stm32f0xx_it.h
2023-03-18 20:17:43,033 [INFO] CodeEngine:255 - oldGeneratedFile, /home/egis/ventmatika/Egidijus/stm32f051/stm32f051/Core/Src/stm32f0xx_hal_msp.c_save
2023-03-18 20:17:43,159 [INFO] CodeEngine:279 - Generated code: /home/egis/ventmatika/Egidijus/stm32f051/stm32f051/Core/Src/stm32f0xx_hal_msp.c
2023-03-18 20:17:43,160 [INFO] CodeEngine:255 - oldGeneratedFile, /home/egis/ventmatika/Egidijus/stm32f051/stm32f051/MXTmpFiles/system.tmp_save
2023-03-18 20:17:43,230 [INFO] CodeEngine:279 - Generated code: /home/egis/ventmatika/Egidijus/stm32f051/stm32f051/MXTmpFiles/system.tmp
2023-03-18 20:17:43,232 [INFO] CodeEngine:311 - oldGeneratedFile, /home/egis/ventmatika/Egidijus/stm32f051/stm32f051/Core/Inc/stm32f0xx_hal_conf.h_save
2023-03-18 20:17:43,292 [INFO] CodeEngine:335 - Generated code: /home/egis/ventmatika/Egidijus/stm32f051/stm32f051/Core/Inc/stm32f0xx_hal_conf.h
2023-03-18 20:17:43,303 [INFO] CodeEngine:255 - oldGeneratedFile, /home/egis/ventmatika/Egidijus/stm32f051/stm32f051/Core/Inc/main.h_save
2023-03-18 20:17:43,395 [INFO] CodeEngine:279 - Generated code: /home/egis/ventmatika/Egidijus/stm32f051/stm32f051/Core/Inc/main.h
2023-03-18 20:17:43,396 [INFO] CodeEngine:255 - oldGeneratedFile, /home/egis/ventmatika/Egidijus/stm32f051/stm32f051/Core/Src/main.c_save
2023-03-18 20:17:43,489 [INFO] CodeEngine:279 - Generated code: /home/egis/ventmatika/Egidijus/stm32f051/stm32f051/Core/Src/main.c
2023-03-18 20:17:44,046 [INFO] ProjectBuilder:2996 - Time for Copy HAL[1] : 56mS.
2023-03-18 20:17:44,050 [INFO] ProjectBuilder:4304 - Project Generator version: 3.19.2
2023-03-18 20:17:44,428 [INFO] ConfigFileManager:1483 - The Die is : DIE440
2023-03-18 20:17:45,838 [INFO] ProjectBuilder:4505 - Time for Generating toolchain IDE Files: 1788mS.
2023-03-18 20:17:45,838 [INFO] ProjectBuilder:2867 - Time for Copy CMSIS : 0mS.
2023-03-18 20:17:45,839 [INFO] ProjectBuilder:2867 - Time for Copy CMSIS : 0mS.
2023-03-18 20:29:56,247 [INFO] UtilMem:75 - End SaveConfig() Used Memory: 339371976 Bytes (891289600)
2023-03-18 20:29:59,828 [INFO] UtilMem:75 - End SaveConfig() Used Memory: 269194968 Bytes (891289600)
2023-03-18 20:30:04,223 [INFO] UtilMem:75 - End SaveConfig() Used Memory: 332091800 Bytes (891289600)
2023-03-18 20:30:04,462 [INFO] BlockDiagram:2759 - set Specific Code input for plugin: ADC
2023-03-18 20:30:04,462 [INFO] BlockDiagram:2759 - set Specific Code input for plugin: NVIC
2023-03-18 20:30:04,462 [INFO] BlockDiagram:2759 - set Specific Code input for plugin: GPIO
2023-03-18 20:30:04,462 [INFO] BlockDiagram:2759 - set Specific Code input for plugin: RCC
2023-03-18 20:30:04,463 [INFO] CodeGenerator:793 - code generatio: config db path: /home/egis/st/stm32cubeide_1.12.0/plugins/com.st.stm32cube.common.mx_6.8.0.202302231600//db/
2023-03-18 20:30:04,676 [INFO] CodeEngine:255 - oldGeneratedFile, /home/egis/ventmatika/Egidijus/stm32f051/stm32f051/MXTmpFiles/license.tmp_save
2023-03-18 20:30:04,794 [INFO] CodeEngine:279 - Generated code: /home/egis/ventmatika/Egidijus/stm32f051/stm32f051/MXTmpFiles/license.tmp
2023-03-18 20:30:04,819 [INFO] CodeEngine:255 - oldGeneratedFile, /home/egis/ventmatika/Egidijus/stm32f051/stm32f051/MXTmpFiles/gpio.tmp_save
2023-03-18 20:30:04,914 [INFO] CodeEngine:279 - Generated code: /home/egis/ventmatika/Egidijus/stm32f051/stm32f051/MXTmpFiles/gpio.tmp
2023-03-18 20:30:04,942 [INFO] CodeEngine:255 - oldGeneratedFile, /home/egis/ventmatika/Egidijus/stm32f051/stm32f051/Core/Src/stm32f0xx_it.c_save
2023-03-18 20:30:05,181 [INFO] CodeEngine:279 - Generated code: /home/egis/ventmatika/Egidijus/stm32f051/stm32f051/Core/Src/stm32f0xx_it.c
2023-03-18 20:30:05,183 [INFO] CodeEngine:255 - oldGeneratedFile, /home/egis/ventmatika/Egidijus/stm32f051/stm32f051/Core/Inc/stm32f0xx_it.h_save
2023-03-18 20:30:05,258 [INFO] CodeEngine:279 - Generated code: /home/egis/ventmatika/Egidijus/stm32f051/stm32f051/Core/Inc/stm32f0xx_it.h
2023-03-18 20:30:05,280 [INFO] CodeEngine:255 - oldGeneratedFile, /home/egis/ventmatika/Egidijus/stm32f051/stm32f051/Core/Src/stm32f0xx_hal_msp.c_save
2023-03-18 20:30:05,403 [INFO] CodeEngine:279 - Generated code: /home/egis/ventmatika/Egidijus/stm32f051/stm32f051/Core/Src/stm32f0xx_hal_msp.c
2023-03-18 20:30:05,404 [INFO] CodeEngine:255 - oldGeneratedFile, /home/egis/ventmatika/Egidijus/stm32f051/stm32f051/MXTmpFiles/system.tmp_save
2023-03-18 20:30:05,477 [INFO] CodeEngine:279 - Generated code: /home/egis/ventmatika/Egidijus/stm32f051/stm32f051/MXTmpFiles/system.tmp
2023-03-18 20:30:05,479 [INFO] CodeEngine:311 - oldGeneratedFile, /home/egis/ventmatika/Egidijus/stm32f051/stm32f051/Core/Inc/stm32f0xx_hal_conf.h_save
2023-03-18 20:30:05,543 [INFO] CodeEngine:335 - Generated code: /home/egis/ventmatika/Egidijus/stm32f051/stm32f051/Core/Inc/stm32f0xx_hal_conf.h
2023-03-18 20:30:05,552 [INFO] CodeEngine:255 - oldGeneratedFile, /home/egis/ventmatika/Egidijus/stm32f051/stm32f051/Core/Inc/main.h_save
2023-03-18 20:30:05,637 [INFO] CodeEngine:279 - Generated code: /home/egis/ventmatika/Egidijus/stm32f051/stm32f051/Core/Inc/main.h
2023-03-18 20:30:05,639 [INFO] CodeEngine:255 - oldGeneratedFile, /home/egis/ventmatika/Egidijus/stm32f051/stm32f051/Core/Src/main.c_save
2023-03-18 20:30:05,770 [INFO] CodeEngine:279 - Generated code: /home/egis/ventmatika/Egidijus/stm32f051/stm32f051/Core/Src/main.c
2023-03-18 20:30:06,327 [INFO] ProjectBuilder:2996 - Time for Copy HAL[1] : 19mS.
2023-03-18 20:30:06,328 [INFO] ProjectBuilder:4304 - Project Generator version: 3.19.2
2023-03-18 20:30:06,536 [INFO] ConfigFileManager:1483 - The Die is : DIE440
2023-03-18 20:30:07,728 [INFO] ProjectBuilder:4505 - Time for Generating toolchain IDE Files: 1400mS.
2023-03-18 20:30:07,729 [INFO] ProjectBuilder:2867 - Time for Copy CMSIS : 0mS.
2023-03-18 20:30:07,730 [INFO] ProjectBuilder:2867 - Time for Copy CMSIS : 0mS.
2023-03-18 22:05:07,567 [INFO] UtilMem:75 - End SaveConfig() Used Memory: 324341912 Bytes (891289600)
2023-03-18 22:05:07,814 [INFO] UtilMem:75 - End SaveConfig() Used Memory: 340108720 Bytes (891289600)
2023-03-18 22:05:08,570 [INFO] UtilMem:75 - End SaveConfig() Used Memory: 388113112 Bytes (891289600)
2023-03-18 22:05:08,749 [INFO] BlockDiagram:2759 - set Specific Code input for plugin: ADC
2023-03-18 22:05:08,749 [INFO] BlockDiagram:2759 - set Specific Code input for plugin: NVIC
2023-03-18 22:05:08,749 [INFO] BlockDiagram:2759 - set Specific Code input for plugin: GPIO
2023-03-18 22:05:08,749 [INFO] BlockDiagram:2759 - set Specific Code input for plugin: RCC
2023-03-18 22:05:08,749 [INFO] CodeGenerator:793 - code generatio: config db path: /home/egis/st/stm32cubeide_1.12.0/plugins/com.st.stm32cube.common.mx_6.8.0.202302231600//db/
2023-03-18 22:05:08,881 [INFO] CodeEngine:255 - oldGeneratedFile, /home/egis/ventmatika/Egidijus/stm32f051/stm32f051/MXTmpFiles/license.tmp_save
2023-03-18 22:05:08,975 [INFO] CodeEngine:279 - Generated code: /home/egis/ventmatika/Egidijus/stm32f051/stm32f051/MXTmpFiles/license.tmp
2023-03-18 22:05:08,996 [INFO] CodeEngine:255 - oldGeneratedFile, /home/egis/ventmatika/Egidijus/stm32f051/stm32f051/MXTmpFiles/gpio.tmp_save
2023-03-18 22:05:09,066 [INFO] CodeEngine:279 - Generated code: /home/egis/ventmatika/Egidijus/stm32f051/stm32f051/MXTmpFiles/gpio.tmp
2023-03-18 22:05:09,083 [INFO] CodeEngine:255 - oldGeneratedFile, /home/egis/ventmatika/Egidijus/stm32f051/stm32f051/Core/Src/stm32f0xx_it.c_save
2023-03-18 22:05:09,279 [INFO] CodeEngine:279 - Generated code: /home/egis/ventmatika/Egidijus/stm32f051/stm32f051/Core/Src/stm32f0xx_it.c
2023-03-18 22:05:09,280 [INFO] CodeEngine:255 - oldGeneratedFile, /home/egis/ventmatika/Egidijus/stm32f051/stm32f051/Core/Inc/stm32f0xx_it.h_save
2023-03-18 22:05:09,339 [INFO] CodeEngine:279 - Generated code: /home/egis/ventmatika/Egidijus/stm32f051/stm32f051/Core/Inc/stm32f0xx_it.h
2023-03-18 22:05:09,351 [INFO] CodeEngine:255 - oldGeneratedFile, /home/egis/ventmatika/Egidijus/stm32f051/stm32f051/Core/Src/stm32f0xx_hal_msp.c_save
2023-03-18 22:05:09,446 [INFO] CodeEngine:279 - Generated code: /home/egis/ventmatika/Egidijus/stm32f051/stm32f051/Core/Src/stm32f0xx_hal_msp.c
2023-03-18 22:05:09,447 [INFO] CodeEngine:255 - oldGeneratedFile, /home/egis/ventmatika/Egidijus/stm32f051/stm32f051/MXTmpFiles/system.tmp_save
2023-03-18 22:05:09,495 [INFO] CodeEngine:279 - Generated code: /home/egis/ventmatika/Egidijus/stm32f051/stm32f051/MXTmpFiles/system.tmp
2023-03-18 22:05:09,497 [INFO] CodeEngine:311 - oldGeneratedFile, /home/egis/ventmatika/Egidijus/stm32f051/stm32f051/Core/Inc/stm32f0xx_hal_conf.h_save
2023-03-18 22:05:09,548 [INFO] CodeEngine:335 - Generated code: /home/egis/ventmatika/Egidijus/stm32f051/stm32f051/Core/Inc/stm32f0xx_hal_conf.h
2023-03-18 22:05:09,554 [INFO] CodeEngine:255 - oldGeneratedFile, /home/egis/ventmatika/Egidijus/stm32f051/stm32f051/Core/Inc/main.h_save
2023-03-18 22:05:09,615 [INFO] CodeEngine:279 - Generated code: /home/egis/ventmatika/Egidijus/stm32f051/stm32f051/Core/Inc/main.h
2023-03-18 22:05:09,616 [INFO] CodeEngine:255 - oldGeneratedFile, /home/egis/ventmatika/Egidijus/stm32f051/stm32f051/Core/Src/main.c_save
2023-03-18 22:05:09,688 [INFO] CodeEngine:279 - Generated code: /home/egis/ventmatika/Egidijus/stm32f051/stm32f051/Core/Src/main.c
2023-03-18 22:05:10,143 [INFO] ProjectBuilder:2996 - Time for Copy HAL[1] : 22mS.
2023-03-18 22:05:10,144 [INFO] ProjectBuilder:4304 - Project Generator version: 3.19.2
2023-03-18 22:05:10,358 [INFO] ConfigFileManager:1483 - The Die is : DIE440
2023-03-18 22:05:11,627 [INFO] ProjectBuilder:4505 - Time for Generating toolchain IDE Files: 1483mS.
2023-03-18 22:05:11,627 [INFO] ProjectBuilder:2867 - Time for Copy CMSIS : 0mS.
2023-03-18 22:05:11,628 [INFO] ProjectBuilder:2867 - Time for Copy CMSIS : 0mS.
